{"/home/travis/build/npmtest/node-npmtest-utile/test.js":{"path":"/home/travis/build/npmtest/node-npmtest-utile/test.js","s":{"1":2,"2":2,"3":2,"4":2,"5":2,"6":2,"7":2,"8":1,"9":2,"10":2,"11":1,"12":1,"13":1,"14":1,"15":2,"16":2,"17":2,"18":2,"19":1,"20":1,"21":2,"22":2,"23":2,"24":1,"25":1,"26":1,"27":1,"28":1,"29":1,"30":1,"31":1,"32":1,"33":1,"34":1,"35":1,"36":1,"37":1,"38":1,"39":2,"40":2,"41":1,"42":2,"43":2,"44":1,"45":2,"46":2,"47":1,"48":2,"49":2,"50":1,"51":1,"52":1,"53":1,"54":1},"b":{"1":[2,1,1,1],"2":[1,1,1,1],"3":[1,1],"4":[1,1],"5":[1,1],"6":[1,1],"7":[1,1],"8":[1,1],"9":[1,1],"10":[1,1,1],"11":[1,1],"12":[1,1],"13":[1,1],"14":[1,1],"15":[1,1],"16":[1,1],"17":[1,1]},"f":{"1":2,"2":2,"3":2,"4":2,"5":2,"6":1,"7":1,"8":1,"9":2,"10":2,"11":2,"12":2,"13":1},"fnMap":{"1":{"name":"(anonymous_1)","line":12,"loc":{"start":{"line":12,"column":1},"end":{"line":12,"column":13}}},"2":{"name":"(anonymous_2)","line":19,"loc":{"start":{"line":19,"column":5},"end":{"line":19,"column":17}}},"3":{"name":"(anonymous_3)","line":23,"loc":{"start":{"line":23,"column":24},"end":{"line":23,"column":36}}},"4":{"name":"(anonymous_4)","line":61,"loc":{"start":{"line":61,"column":5},"end":{"line":61,"column":17}}},"5":{"name":"(anonymous_5)","line":82,"loc":{"start":{"line":82,"column":5},"end":{"line":82,"column":17}}},"6":{"name":"(anonymous_6)","line":91,"loc":{"start":{"line":91,"column":77},"end":{"line":94,"column":10}}},"7":{"name":"(anonymous_7)","line":112,"loc":{"start":{"line":112,"column":83},"end":{"line":115,"column":10}},"skip":true},"8":{"name":"(anonymous_8)","line":123,"loc":{"start":{"line":123,"column":77},"end":{"line":126,"column":10}},"skip":true},"9":{"name":"(anonymous_9)","line":139,"loc":{"start":{"line":139,"column":12},"end":{"line":139,"column":40}},"skip":true},"10":{"name":"(anonymous_10)","line":147,"loc":{"start":{"line":147,"column":77},"end":{"line":150,"column":10}},"skip":true},"11":{"name":"(anonymous_11)","line":158,"loc":{"start":{"line":158,"column":83},"end":{"line":161,"column":10}},"skip":true},"12":{"name":"(anonymous_12)","line":169,"loc":{"start":{"line":169,"column":79},"end":{"line":172,"column":10}},"skip":true},"13":{"name":"(anonymous_13)","line":180,"loc":{"start":{"line":180,"column":75},"end":{"line":183,"column":10}},"skip":true}},"statementMap":{"1":{"start":{"line":12,"column":0},"end":{"line":195,"column":5}},"2":{"start":{"line":14,"column":4},"end":{"line":14,"column":14}},"3":{"start":{"line":19,"column":4},"end":{"line":56,"column":9}},"4":{"start":{"line":21,"column":8},"end":{"line":21,"column":19}},"5":{"start":{"line":23,"column":8},"end":{"line":35,"column":13}},"6":{"start":{"line":24,"column":12},"end":{"line":34,"column":13}},"7":{"start":{"line":25,"column":16},"end":{"line":28,"column":30}},"8":{"start":{"line":30,"column":16},"end":{"line":33,"column":27}},"9":{"start":{"line":37,"column":8},"end":{"line":39,"column":21}},"10":{"start":{"line":40,"column":8},"end":{"line":53,"column":9}},"11":{"start":{"line":43,"column":12},"end":{"line":46,"column":14}},"12":{"start":{"line":47,"column":12},"end":{"line":47,"column":18}},"13":{"start":{"line":50,"column":12},"end":{"line":51,"column":46}},"14":{"start":{"line":52,"column":12},"end":{"line":52,"column":18}},"15":{"start":{"line":55,"column":8},"end":{"line":55,"column":35}},"16":{"start":{"line":61,"column":4},"end":{"line":63,"column":9}},"17":{"start":{"line":62,"column":8},"end":{"line":62,"column":15}},"18":{"start":{"line":64,"column":4},"end":{"line":77,"column":5}},"19":{"start":{"line":70,"column":8},"end":{"line":70,"column":14}},"20":{"start":{"line":76,"column":8},"end":{"line":76,"column":14}},"21":{"start":{"line":82,"column":4},"end":{"line":84,"column":9}},"22":{"start":{"line":83,"column":8},"end":{"line":83,"column":15}},"23":{"start":{"line":85,"column":4},"end":{"line":194,"column":5}},"24":{"start":{"line":91,"column":8},"end":{"line":99,"column":10}},"25":{"start":{"line":98,"column":12},"end":{"line":98,"column":35}},"26":{"start":{"line":102,"column":8},"end":{"line":104,"column":63}},"27":{"start":{"line":105,"column":8},"end":{"line":105,"column":14}},"28":{"start":{"line":112,"column":8},"end":{"line":121,"column":10},"skip":true},"29":{"start":{"line":119,"column":12},"end":{"line":119,"column":55},"skip":true},"30":{"start":{"line":120,"column":12},"end":{"line":120,"column":48},"skip":true},"31":{"start":{"line":123,"column":8},"end":{"line":136,"column":10},"skip":true},"32":{"start":{"line":130,"column":12},"end":{"line":130,"column":76},"skip":true},"33":{"start":{"line":131,"column":12},"end":{"line":131,"column":73},"skip":true},"34":{"start":{"line":132,"column":12},"end":{"line":132,"column":74},"skip":true},"35":{"start":{"line":133,"column":12},"end":{"line":133,"column":79},"skip":true},"36":{"start":{"line":134,"column":12},"end":{"line":134,"column":25},"skip":true},"37":{"start":{"line":135,"column":12},"end":{"line":135,"column":45},"skip":true},"38":{"start":{"line":138,"column":8},"end":{"line":145,"column":14},"skip":true},"39":{"start":{"line":143,"column":16},"end":{"line":143,"column":29},"skip":true},"40":{"start":{"line":144,"column":16},"end":{"line":144,"column":55},"skip":true},"41":{"start":{"line":147,"column":8},"end":{"line":156,"column":10},"skip":true},"42":{"start":{"line":154,"column":12},"end":{"line":154,"column":25},"skip":true},"43":{"start":{"line":155,"column":12},"end":{"line":155,"column":45},"skip":true},"44":{"start":{"line":158,"column":8},"end":{"line":167,"column":10},"skip":true},"45":{"start":{"line":165,"column":12},"end":{"line":165,"column":25},"skip":true},"46":{"start":{"line":166,"column":12},"end":{"line":166,"column":48},"skip":true},"47":{"start":{"line":169,"column":8},"end":{"line":178,"column":10},"skip":true},"48":{"start":{"line":176,"column":12},"end":{"line":176,"column":25},"skip":true},"49":{"start":{"line":177,"column":12},"end":{"line":177,"column":46},"skip":true},"50":{"start":{"line":180,"column":8},"end":{"line":189,"column":10},"skip":true},"51":{"start":{"line":187,"column":12},"end":{"line":187,"column":94},"skip":true},"52":{"start":{"line":188,"column":12},"end":{"line":188,"column":48},"skip":true},"53":{"start":{"line":192,"column":8},"end":{"line":192,"column":35},"skip":true},"54":{"start":{"line":193,"column":8},"end":{"line":193,"column":14},"skip":true}},"branchMap":{"1":{"line":25,"type":"binary-expr","locations":[{"start":{"line":25,"column":23},"end":{"line":25,"column":62}},{"start":{"line":26,"column":20},"end":{"line":26,"column":70}},{"start":{"line":27,"column":20},"end":{"line":27,"column":71}},{"start":{"line":28,"column":20},"end":{"line":28,"column":29}}]},"2":{"line":30,"type":"binary-expr","locations":[{"start":{"line":30,"column":23},"end":{"line":30,"column":37}},{"start":{"line":31,"column":20},"end":{"line":31,"column":61}},{"start":{"line":32,"column":20},"end":{"line":32,"column":70}},{"start":{"line":33,"column":20},"end":{"line":33,"column":26}}]},"3":{"line":37,"type":"cond-expr","locations":[{"start":{"line":38,"column":14},"end":{"line":38,"column":20}},{"start":{"line":39,"column":14},"end":{"line":39,"column":20}}]},"4":{"line":40,"type":"switch","locations":[{"start":{"line":42,"column":8},"end":{"line":47,"column":18}},{"start":{"line":49,"column":8},"end":{"line":52,"column":18}}]},"5":{"line":44,"type":"binary-expr","locations":[{"start":{"line":44,"column":16},"end":{"line":44,"column":44}},{"start":{"line":44,"column":48},"end":{"line":44,"column":66}}]},"6":{"line":50,"type":"binary-expr","locations":[{"start":{"line":50,"column":21},"end":{"line":50,"column":49}},{"start":{"line":50,"column":53},"end":{"line":50,"column":72}}]},"7":{"line":64,"type":"switch","locations":[{"start":{"line":69,"column":4},"end":{"line":70,"column":14}},{"start":{"line":75,"column":4},"end":{"line":76,"column":14}}]},"8":{"line":85,"type":"switch","locations":[{"start":{"line":90,"column":4},"end":{"line":105,"column":14}},{"start":{"line":111,"column":4},"end":{"line":193,"column":14},"skip":true}]},"9":{"line":91,"type":"binary-expr","locations":[{"start":{"line":91,"column":42},"end":{"line":91,"column":73}},{"start":{"line":91,"column":77},"end":{"line":99,"column":9}}]},"10":{"line":102,"type":"binary-expr","locations":[{"start":{"line":102,"column":18},"end":{"line":102,"column":32}},{"start":{"line":103,"column":12},"end":{"line":103,"column":53}},{"start":{"line":104,"column":12},"end":{"line":104,"column":61}}]},"11":{"line":112,"type":"binary-expr","locations":[{"start":{"line":112,"column":45},"end":{"line":112,"column":79},"skip":true},{"start":{"line":112,"column":83},"end":{"line":121,"column":9},"skip":true}]},"12":{"line":123,"type":"binary-expr","locations":[{"start":{"line":123,"column":42},"end":{"line":123,"column":73},"skip":true},{"start":{"line":123,"column":77},"end":{"line":136,"column":9},"skip":true}]},"13":{"line":138,"type":"binary-expr","locations":[{"start":{"line":138,"column":48},"end":{"line":138,"column":85},"skip":true},{"start":{"line":139,"column":12},"end":{"line":145,"column":13},"skip":true}]},"14":{"line":147,"type":"binary-expr","locations":[{"start":{"line":147,"column":42},"end":{"line":147,"column":73},"skip":true},{"start":{"line":147,"column":77},"end":{"line":156,"column":9},"skip":true}]},"15":{"line":158,"type":"binary-expr","locations":[{"start":{"line":158,"column":45},"end":{"line":158,"column":79},"skip":true},{"start":{"line":158,"column":83},"end":{"line":167,"column":9},"skip":true}]},"16":{"line":169,"type":"binary-expr","locations":[{"start":{"line":169,"column":43},"end":{"line":169,"column":75},"skip":true},{"start":{"line":169,"column":79},"end":{"line":178,"column":9},"skip":true}]},"17":{"line":180,"type":"binary-expr","locations":[{"start":{"line":180,"column":41},"end":{"line":180,"column":71},"skip":true},{"start":{"line":180,"column":75},"end":{"line":189,"column":9},"skip":true}]}},"code":["/* istanbul instrument in package npmtest_utile */","/*jslint","    bitwise: true,","    browser: true,","    maxerr: 8,","    maxlen: 96,","    node: true,","    nomen: true,","    regexp: true,","    stupid: true","*/","(function () {","    'use strict';","    var local;","","","","    // run shared js-env code - pre-init","    (function () {","        // init local","        local = {};","        // init modeJs","        local.modeJs = (function () {","            try {","                return typeof navigator.userAgent === 'string' &&","                    typeof document.querySelector('body') === 'object' &&","                    typeof XMLHttpRequest.prototype.open === 'function' &&","                    'browser';","            } catch (errorCaughtBrowser) {","                return module.exports &&","                    typeof process.versions.node === 'string' &&","                    typeof require('http').createServer === 'function' &&","                    'node';","            }","        }());","        // init global","        local.global = local.modeJs === 'browser'","            ? window","            : global;","        switch (local.modeJs) {","        // re-init local from window.local","        case 'browser':","            local = local.global.utility2.objectSetDefault(","                local.global.utility2_rollup || local.global.local,","                local.global.utility2","            );","            break;","        // re-init local from example.js","        case 'node':","            local = (local.global.utility2_rollup || require('utility2'))","                .requireExampleJsFromReadme();","            break;","        }","        // export local","        local.global.local = local;","    }());","","","","    // run shared js-env code - function","    (function () {","        return;","    }());","    switch (local.modeJs) {","","","","    // run browser js-env code - function","    case 'browser':","        break;","","","","    // run node js-env code - function","    case 'node':","        break;","    }","","","","    // run shared js-env code - post-init","    (function () {","        return;","    }());","    switch (local.modeJs) {","","","","    // run browser js-env code - post-init","    case 'browser':","        local.testCase_browser_nullCase = local.testCase_browser_nullCase || function (","            options,","            onError","        ) {","        /*","         * this function will test browsers's null-case handling-behavior-behavior","         */","            onError(null, options);","        };","","        // run tests","        local.nop(local.modeTest &&","            document.querySelector('#testRunButton1') &&","            document.querySelector('#testRunButton1').click());","        break;","","","","    // run node js-env code - post-init","    /* istanbul ignore next */","    case 'node':","        local.testCase_buildApidoc_default = local.testCase_buildApidoc_default || function (","            options,","            onError","        ) {","        /*","         * this function will test buildApidoc's default handling-behavior-behavior","         */","            options = { modulePathList: module.paths };","            local.buildApidoc(options, onError);","        };","","        local.testCase_buildApp_default = local.testCase_buildApp_default || function (","            options,","            onError","        ) {","        /*","         * this function will test buildApp's default handling-behavior-behavior","         */","            local.testCase_buildReadme_default(options, local.onErrorThrow);","            local.testCase_buildLib_default(options, local.onErrorThrow);","            local.testCase_buildTest_default(options, local.onErrorThrow);","            local.testCase_buildCustomOrg_default(options, local.onErrorThrow);","            options = [];","            local.buildApp(options, onError);","        };","","        local.testCase_buildCustomOrg_default = local.testCase_buildCustomOrg_default ||","            function (options, onError) {","            /*","             * this function will test buildCustomOrg's default handling-behavior","             */","                options = {};","                local.buildCustomOrg(options, onError);","            };","","        local.testCase_buildLib_default = local.testCase_buildLib_default || function (","            options,","            onError","        ) {","        /*","         * this function will test buildLib's default handling-behavior","         */","            options = {};","            local.buildLib(options, onError);","        };","","        local.testCase_buildReadme_default = local.testCase_buildReadme_default || function (","            options,","            onError","        ) {","        /*","         * this function will test buildReadme's default handling-behavior-behavior","         */","            options = {};","            local.buildReadme(options, onError);","        };","","        local.testCase_buildTest_default = local.testCase_buildTest_default || function (","            options,","            onError","        ) {","        /*","         * this function will test buildTest's default handling-behavior","         */","            options = {};","            local.buildTest(options, onError);","        };","","        local.testCase_webpage_default = local.testCase_webpage_default || function (","            options,","            onError","        ) {","        /*","         * this function will test webpage's default handling-behavior","         */","            options = { modeCoverageMerge: true, url: local.serverLocalHost + '?modeTest=1' };","            local.browserTest(options, onError);","        };","","        // run test-server","        local.testRunServer(local);","        break;","    }","}());",""],"l":{"12":2,"14":2,"19":2,"21":2,"23":2,"24":2,"25":2,"30":1,"37":2,"40":2,"43":1,"47":1,"50":1,"52":1,"55":2,"61":2,"62":2,"64":2,"70":1,"76":1,"82":2,"83":2,"85":2,"91":1,"98":1,"102":1,"105":1,"112":1,"119":1,"120":1,"123":1,"130":1,"131":1,"132":1,"133":1,"134":1,"135":1,"138":1,"143":2,"144":2,"147":1,"154":2,"155":2,"158":1,"165":2,"166":2,"169":1,"176":2,"177":2,"180":1,"187":1,"188":1,"192":1,"193":1}},"/home/travis/build/npmtest/node-npmtest-utile/lib.npmtest_utile.js":{"path":"/home/travis/build/npmtest/node-npmtest-utile/lib.npmtest_utile.js","s":{"1":2,"2":2,"3":2,"4":2,"5":2,"6":2,"7":2,"8":1,"9":2,"10":2,"11":2,"12":2,"13":1,"14":1,"15":1,"16":1},"b":{"1":[2,1,1,1],"2":[1,1,1,1],"3":[1,1],"4":[2,2],"5":[1,1]},"f":{"1":2,"2":2,"3":2},"fnMap":{"1":{"name":"(anonymous_1)","line":12,"loc":{"start":{"line":12,"column":1},"end":{"line":12,"column":13}}},"2":{"name":"(anonymous_2)","line":19,"loc":{"start":{"line":19,"column":5},"end":{"line":19,"column":17}}},"3":{"name":"(anonymous_3)","line":23,"loc":{"start":{"line":23,"column":24},"end":{"line":23,"column":36}}}},"statementMap":{"1":{"start":{"line":12,"column":0},"end":{"line":53,"column":5}},"2":{"start":{"line":14,"column":4},"end":{"line":14,"column":14}},"3":{"start":{"line":19,"column":4},"end":{"line":52,"column":9}},"4":{"start":{"line":21,"column":8},"end":{"line":21,"column":19}},"5":{"start":{"line":23,"column":8},"end":{"line":35,"column":13}},"6":{"start":{"line":24,"column":12},"end":{"line":34,"column":13}},"7":{"start":{"line":25,"column":16},"end":{"line":28,"column":30}},"8":{"start":{"line":30,"column":16},"end":{"line":33,"column":27}},"9":{"start":{"line":37,"column":8},"end":{"line":39,"column":21}},"10":{"start":{"line":41,"column":8},"end":{"line":41,"column":54}},"11":{"start":{"line":43,"column":8},"end":{"line":43,"column":50}},"12":{"start":{"line":45,"column":8},"end":{"line":51,"column":9}},"13":{"start":{"line":46,"column":12},"end":{"line":46,"column":56}},"14":{"start":{"line":48,"column":12},"end":{"line":48,"column":35}},"15":{"start":{"line":49,"column":12},"end":{"line":49,"column":49}},"16":{"start":{"line":50,"column":12},"end":{"line":50,"column":43}}},"branchMap":{"1":{"line":25,"type":"binary-expr","locations":[{"start":{"line":25,"column":23},"end":{"line":25,"column":62}},{"start":{"line":26,"column":20},"end":{"line":26,"column":70}},{"start":{"line":27,"column":20},"end":{"line":27,"column":71}},{"start":{"line":28,"column":20},"end":{"line":28,"column":29}}]},"2":{"line":30,"type":"binary-expr","locations":[{"start":{"line":30,"column":23},"end":{"line":30,"column":37}},{"start":{"line":31,"column":20},"end":{"line":31,"column":61}},{"start":{"line":32,"column":20},"end":{"line":32,"column":70}},{"start":{"line":33,"column":20},"end":{"line":33,"column":26}}]},"3":{"line":37,"type":"cond-expr","locations":[{"start":{"line":38,"column":14},"end":{"line":38,"column":20}},{"start":{"line":39,"column":14},"end":{"line":39,"column":20}}]},"4":{"line":41,"type":"binary-expr","locations":[{"start":{"line":41,"column":16},"end":{"line":41,"column":44}},{"start":{"line":41,"column":48},"end":{"line":41,"column":53}}]},"5":{"line":45,"type":"if","locations":[{"start":{"line":45,"column":8},"end":{"line":45,"column":8}},{"start":{"line":45,"column":8},"end":{"line":45,"column":8}}]}},"code":["/* istanbul instrument in package npmtest_utile */","/*jslint","    bitwise: true,","    browser: true,","    maxerr: 8,","    maxlen: 96,","    node: true,","    nomen: true,","    regexp: true,","    stupid: true","*/","(function () {","    'use strict';","    var local;","","","","    // run shared js-env code - pre-init","    (function () {","        // init local","        local = {};","        // init modeJs","        local.modeJs = (function () {","            try {","                return typeof navigator.userAgent === 'string' &&","                    typeof document.querySelector('body') === 'object' &&","                    typeof XMLHttpRequest.prototype.open === 'function' &&","                    'browser';","            } catch (errorCaughtBrowser) {","                return module.exports &&","                    typeof process.versions.node === 'string' &&","                    typeof require('http').createServer === 'function' &&","                    'node';","            }","        }());","        // init global","        local.global = local.modeJs === 'browser'","            ? window","            : global;","        // init utility2_rollup","        local = local.global.utility2_rollup || local;","        // init lib","        local.local = local.npmtest_utile = local;","        // init exports","        if (local.modeJs === 'browser') {","            local.global.utility2_npmtest_utile = local;","        } else {","            module.exports = local;","            module.exports.__dirname = __dirname;","            module.exports.module = module;","        }","    }());","}());",""],"l":{"12":2,"14":2,"19":2,"21":2,"23":2,"24":2,"25":2,"30":1,"37":2,"41":2,"43":2,"45":2,"46":1,"48":1,"49":1,"50":1}},"/home/travis/build/npmtest/node-npmtest-utile/example.js":{"path":"/home/travis/build/npmtest/node-npmtest-utile/example.js","s":{"1":2,"2":2,"3":2,"4":2,"5":2,"6":2,"7":2,"8":1,"9":2,"10":2,"11":2,"12":2,"13":1,"14":2,"15":2,"16":2,"17":2,"18":2,"19":0,"20":2,"21":1,"22":1,"23":1,"24":1,"25":1,"26":0,"27":0,"28":1,"29":1,"30":2,"31":0,"32":0,"33":0,"34":1,"35":2,"36":2,"37":3,"38":3,"39":3,"40":3,"41":0,"42":3,"43":3,"44":3,"45":1,"46":3,"47":1,"48":1,"49":1,"50":1,"51":1,"52":1,"53":1,"54":1,"55":1,"56":1,"57":0,"58":1,"59":6,"60":6,"61":1,"62":2,"63":0,"64":2,"65":1,"66":1,"67":0,"68":0,"69":0,"70":0,"71":0,"72":0,"73":0,"74":0,"75":0,"76":0,"77":0,"78":0,"79":0,"80":0,"81":0,"82":0,"83":0},"b":{"1":[2,1,1,1],"2":[1,1,1,1],"3":[1,1],"4":[2,2],"5":[1,1],"6":[1,1],"7":[2,0],"8":[2,1,1,1,1,1],"9":[0,2,0],"10":[1,1],"11":[2,1,1],"12":[1,0],"13":[0,2],"14":[2,0,0,0,0,0,0],"15":[0,3],"16":[3,0],"17":[1,1],"18":[0,1],"19":[1,2,0,2],"20":[1,0],"21":[1,1],"22":[0,0],"23":[0,0],"24":[0,0],"25":[0,0],"26":[0,0],"27":[0,0],"28":[0,0]},"f":{"1":2,"2":2,"3":2,"4":2,"5":2,"6":2,"7":3,"8":3,"9":3,"10":1,"11":6,"12":0},"fnMap":{"1":{"name":"(anonymous_1)","line":26,"loc":{"start":{"line":26,"column":1},"end":{"line":26,"column":13}}},"2":{"name":"(anonymous_2)","line":33,"loc":{"start":{"line":33,"column":5},"end":{"line":33,"column":17}}},"3":{"name":"(anonymous_3)","line":37,"loc":{"start":{"line":37,"column":24},"end":{"line":37,"column":36}}},"4":{"name":"(anonymous_4)","line":69,"loc":{"start":{"line":69,"column":31},"end":{"line":69,"column":48}},"skip":true},"5":{"name":"(anonymous_5)","line":78,"loc":{"start":{"line":78,"column":26},"end":{"line":78,"column":45}},"skip":true},"6":{"name":"(anonymous_6)","line":123,"loc":{"start":{"line":123,"column":33},"end":{"line":123,"column":48}},"skip":true},"7":{"name":"(anonymous_7)","line":125,"loc":{"start":{"line":125,"column":27},"end":{"line":125,"column":39}},"skip":true},"8":{"name":"(anonymous_8)","line":133,"loc":{"start":{"line":133,"column":59},"end":{"line":133,"column":74}},"skip":true},"9":{"name":"(anonymous_9)","line":143,"loc":{"start":{"line":143,"column":45},"end":{"line":143,"column":62}},"skip":true},"10":{"name":"(anonymous_10)","line":144,"loc":{"start":{"line":144,"column":73},"end":{"line":144,"column":92}},"skip":true},"11":{"name":"(anonymous_11)","line":272,"loc":{"start":{"line":272,"column":51},"end":{"line":272,"column":77}},"skip":true},"12":{"name":"(anonymous_12)","line":315,"loc":{"start":{"line":315,"column":32},"end":{"line":315,"column":61}},"skip":true}},"statementMap":{"1":{"start":{"line":26,"column":0},"end":{"line":326,"column":5}},"2":{"start":{"line":28,"column":4},"end":{"line":28,"column":14}},"3":{"start":{"line":33,"column":4},"end":{"line":60,"column":9}},"4":{"start":{"line":35,"column":8},"end":{"line":35,"column":19}},"5":{"start":{"line":37,"column":8},"end":{"line":49,"column":13}},"6":{"start":{"line":38,"column":12},"end":{"line":48,"column":13}},"7":{"start":{"line":39,"column":16},"end":{"line":42,"column":30}},"8":{"start":{"line":44,"column":16},"end":{"line":47,"column":27}},"9":{"start":{"line":51,"column":8},"end":{"line":53,"column":21}},"10":{"start":{"line":55,"column":8},"end":{"line":57,"column":45}},"11":{"start":{"line":59,"column":8},"end":{"line":59,"column":35}},"12":{"start":{"line":61,"column":4},"end":{"line":325,"column":5}},"13":{"start":{"line":69,"column":8},"end":{"line":121,"column":10},"skip":true},"14":{"start":{"line":70,"column":12},"end":{"line":88,"column":13},"skip":true},"15":{"start":{"line":76,"column":16},"end":{"line":87,"column":19},"skip":true},"16":{"start":{"line":79,"column":20},"end":{"line":86,"column":21},"skip":true},"17":{"start":{"line":82,"column":24},"end":{"line":82,"column":43},"skip":true},"18":{"start":{"line":83,"column":24},"end":{"line":83,"column":30},"skip":true},"19":{"start":{"line":85,"column":24},"end":{"line":85,"column":49},"skip":true},"20":{"start":{"line":89,"column":12},"end":{"line":107,"column":13},"skip":true},"21":{"start":{"line":92,"column":16},"end":{"line":102,"column":17},"skip":true},"22":{"start":{"line":93,"column":20},"end":{"line":93,"column":86},"skip":true},"23":{"start":{"line":94,"column":20},"end":{"line":95,"column":45},"skip":true},"24":{"start":{"line":96,"column":20},"end":{"line":96,"column":42},"skip":true},"25":{"start":{"line":97,"column":20},"end":{"line":97,"column":48},"skip":true},"26":{"start":{"line":100,"column":20},"end":{"line":100,"column":85},"skip":true},"27":{"start":{"line":101,"column":20},"end":{"line":101,"column":96},"skip":true},"28":{"start":{"line":103,"column":16},"end":{"line":103,"column":22},"skip":true},"29":{"start":{"line":106,"column":16},"end":{"line":106,"column":22},"skip":true},"30":{"start":{"line":108,"column":12},"end":{"line":120,"column":13},"skip":true},"31":{"start":{"line":114,"column":16},"end":{"line":119,"column":17},"skip":true},"32":{"start":{"line":116,"column":20},"end":{"line":116,"column":78},"skip":true},"33":{"start":{"line":118,"column":20},"end":{"line":118,"column":47},"skip":true},"34":{"start":{"line":123,"column":8},"end":{"line":141,"column":11},"skip":true},"35":{"start":{"line":124,"column":12},"end":{"line":124,"column":54},"skip":true},"36":{"start":{"line":125,"column":12},"end":{"line":140,"column":14},"skip":true},"37":{"start":{"line":126,"column":16},"end":{"line":126,"column":28},"skip":true},"38":{"start":{"line":127,"column":16},"end":{"line":127,"column":69},"skip":true},"39":{"start":{"line":128,"column":16},"end":{"line":128,"column":75},"skip":true},"40":{"start":{"line":129,"column":16},"end":{"line":131,"column":17},"skip":true},"41":{"start":{"line":130,"column":20},"end":{"line":130,"column":27},"skip":true},"42":{"start":{"line":133,"column":16},"end":{"line":137,"column":36},"skip":true},"43":{"start":{"line":134,"column":20},"end":{"line":136,"column":55},"skip":true},"44":{"start":{"line":139,"column":16},"end":{"line":139,"column":57},"skip":true},"45":{"start":{"line":143,"column":8},"end":{"line":147,"column":11},"skip":true},"46":{"start":{"line":144,"column":12},"end":{"line":146,"column":15},"skip":true},"47":{"start":{"line":145,"column":16},"end":{"line":145,"column":70},"skip":true},"48":{"start":{"line":149,"column":8},"end":{"line":149,"column":31},"skip":true},"49":{"start":{"line":150,"column":8},"end":{"line":150,"column":14},"skip":true},"50":{"start":{"line":158,"column":8},"end":{"line":158,"column":31},"skip":true},"51":{"start":{"line":160,"column":8},"end":{"line":160,"column":33},"skip":true},"52":{"start":{"line":161,"column":8},"end":{"line":161,"column":37},"skip":true},"53":{"start":{"line":162,"column":8},"end":{"line":162,"column":35},"skip":true},"54":{"start":{"line":164,"column":8},"end":{"line":164,"column":50},"skip":true},"55":{"start":{"line":166,"column":8},"end":{"line":256,"column":2},"skip":true},"56":{"start":{"line":258,"column":8},"end":{"line":286,"column":9},"skip":true},"57":{"start":{"line":259,"column":12},"end":{"line":269,"column":14},"skip":true},"58":{"start":{"line":271,"column":12},"end":{"line":285,"column":19},"skip":true},"59":{"start":{"line":274,"column":20},"end":{"line":274,"column":35},"skip":true},"60":{"start":{"line":275,"column":20},"end":{"line":284,"column":21},"skip":true},"61":{"start":{"line":277,"column":24},"end":{"line":277,"column":64},"skip":true},"62":{"start":{"line":279,"column":24},"end":{"line":279,"column":40},"skip":true},"63":{"start":{"line":281,"column":24},"end":{"line":281,"column":40},"skip":true},"64":{"start":{"line":283,"column":24},"end":{"line":283,"column":39},"skip":true},"65":{"start":{"line":288,"column":8},"end":{"line":290,"column":9},"skip":true},"66":{"start":{"line":289,"column":12},"end":{"line":289,"column":18},"skip":true},"67":{"start":{"line":291,"column":8},"end":{"line":293,"column":54},"skip":true},"68":{"start":{"line":296,"column":8},"end":{"line":301,"column":37},"skip":true},"69":{"start":{"line":303,"column":8},"end":{"line":303,"column":82},"skip":true},"70":{"start":{"line":306,"column":8},"end":{"line":308,"column":9},"skip":true},"71":{"start":{"line":307,"column":12},"end":{"line":307,"column":82},"skip":true},"72":{"start":{"line":310,"column":8},"end":{"line":312,"column":9},"skip":true},"73":{"start":{"line":311,"column":12},"end":{"line":311,"column":18},"skip":true},"74":{"start":{"line":313,"column":8},"end":{"line":313,"column":54},"skip":true},"75":{"start":{"line":314,"column":8},"end":{"line":314,"column":69},"skip":true},"76":{"start":{"line":315,"column":8},"end":{"line":323,"column":36},"skip":true},"77":{"start":{"line":316,"column":12},"end":{"line":316,"column":61},"skip":true},"78":{"start":{"line":317,"column":12},"end":{"line":320,"column":13},"skip":true},"79":{"start":{"line":318,"column":16},"end":{"line":318,"column":75},"skip":true},"80":{"start":{"line":319,"column":16},"end":{"line":319,"column":23},"skip":true},"81":{"start":{"line":321,"column":12},"end":{"line":321,"column":38},"skip":true},"82":{"start":{"line":322,"column":12},"end":{"line":322,"column":27},"skip":true},"83":{"start":{"line":324,"column":8},"end":{"line":324,"column":14},"skip":true}},"branchMap":{"1":{"line":39,"type":"binary-expr","locations":[{"start":{"line":39,"column":23},"end":{"line":39,"column":62}},{"start":{"line":40,"column":20},"end":{"line":40,"column":70}},{"start":{"line":41,"column":20},"end":{"line":41,"column":71}},{"start":{"line":42,"column":20},"end":{"line":42,"column":29}}]},"2":{"line":44,"type":"binary-expr","locations":[{"start":{"line":44,"column":23},"end":{"line":44,"column":37}},{"start":{"line":45,"column":20},"end":{"line":45,"column":61}},{"start":{"line":46,"column":20},"end":{"line":46,"column":70}},{"start":{"line":47,"column":20},"end":{"line":47,"column":26}}]},"3":{"line":51,"type":"cond-expr","locations":[{"start":{"line":52,"column":14},"end":{"line":52,"column":20}},{"start":{"line":53,"column":14},"end":{"line":53,"column":20}}]},"4":{"line":55,"type":"binary-expr","locations":[{"start":{"line":55,"column":16},"end":{"line":55,"column":44}},{"start":{"line":55,"column":49},"end":{"line":57,"column":43}}]},"5":{"line":55,"type":"cond-expr","locations":[{"start":{"line":56,"column":14},"end":{"line":56,"column":49}},{"start":{"line":57,"column":14},"end":{"line":57,"column":43}}]},"6":{"line":61,"type":"switch","locations":[{"start":{"line":68,"column":4},"end":{"line":150,"column":14},"skip":true},{"start":{"line":156,"column":4},"end":{"line":324,"column":14},"skip":true}]},"7":{"line":70,"type":"if","locations":[{"start":{"line":70,"column":12},"end":{"line":70,"column":12},"skip":true},{"start":{"line":70,"column":12},"end":{"line":70,"column":12},"skip":true}]},"8":{"line":70,"type":"binary-expr","locations":[{"start":{"line":70,"column":16},"end":{"line":70,"column":22},"skip":true},{"start":{"line":70,"column":27},"end":{"line":70,"column":32},"skip":true},{"start":{"line":71,"column":20},"end":{"line":71,"column":39},"skip":true},{"start":{"line":72,"column":20},"end":{"line":72,"column":49},"skip":true},{"start":{"line":73,"column":20},"end":{"line":73,"column":58},"skip":true},{"start":{"line":74,"column":20},"end":{"line":74,"column":69},"skip":true}]},"9":{"line":79,"type":"switch","locations":[{"start":{"line":80,"column":20},"end":{"line":80,"column":33},"skip":true},{"start":{"line":81,"column":20},"end":{"line":83,"column":30},"skip":true},{"start":{"line":84,"column":20},"end":{"line":85,"column":49},"skip":true}]},"10":{"line":89,"type":"switch","locations":[{"start":{"line":90,"column":12},"end":{"line":103,"column":22},"skip":true},{"start":{"line":105,"column":12},"end":{"line":106,"column":22},"skip":true}]},"11":{"line":89,"type":"binary-expr","locations":[{"start":{"line":89,"column":20},"end":{"line":89,"column":25},"skip":true},{"start":{"line":89,"column":29},"end":{"line":89,"column":48},"skip":true},{"start":{"line":89,"column":52},"end":{"line":89,"column":74},"skip":true}]},"12":{"line":92,"type":"if","locations":[{"start":{"line":92,"column":16},"end":{"line":92,"column":16},"skip":true},{"start":{"line":92,"column":16},"end":{"line":92,"column":16},"skip":true}]},"13":{"line":108,"type":"if","locations":[{"start":{"line":108,"column":12},"end":{"line":108,"column":12},"skip":true},{"start":{"line":108,"column":12},"end":{"line":108,"column":12},"skip":true}]},"14":{"line":108,"type":"binary-expr","locations":[{"start":{"line":108,"column":16},"end":{"line":108,"column":61},"skip":true},{"start":{"line":108,"column":66},"end":{"line":108,"column":72},"skip":true},{"start":{"line":108,"column":77},"end":{"line":108,"column":82},"skip":true},{"start":{"line":109,"column":20},"end":{"line":109,"column":39},"skip":true},{"start":{"line":110,"column":20},"end":{"line":110,"column":49},"skip":true},{"start":{"line":111,"column":20},"end":{"line":111,"column":58},"skip":true},{"start":{"line":112,"column":20},"end":{"line":112,"column":68},"skip":true}]},"15":{"line":129,"type":"if","locations":[{"start":{"line":129,"column":16},"end":{"line":129,"column":16},"skip":true},{"start":{"line":129,"column":16},"end":{"line":129,"column":16},"skip":true}]},"16":{"line":134,"type":"cond-expr","locations":[{"start":{"line":135,"column":26},"end":{"line":135,"column":29},"skip":true},{"start":{"line":136,"column":26},"end":{"line":136,"column":54},"skip":true}]},"17":{"line":164,"type":"binary-expr","locations":[{"start":{"line":164,"column":27},"end":{"line":164,"column":43},"skip":true},{"start":{"line":164,"column":47},"end":{"line":164,"column":49},"skip":true}]},"18":{"line":258,"type":"if","locations":[{"start":{"line":258,"column":8},"end":{"line":258,"column":8},"skip":true},{"start":{"line":258,"column":8},"end":{"line":258,"column":8},"skip":true}]},"19":{"line":275,"type":"switch","locations":[{"start":{"line":276,"column":20},"end":{"line":277,"column":64},"skip":true},{"start":{"line":278,"column":20},"end":{"line":279,"column":40},"skip":true},{"start":{"line":280,"column":20},"end":{"line":281,"column":40},"skip":true},{"start":{"line":282,"column":20},"end":{"line":283,"column":39},"skip":true}]},"20":{"line":288,"type":"if","locations":[{"start":{"line":288,"column":8},"end":{"line":288,"column":8},"skip":true},{"start":{"line":288,"column":8},"end":{"line":288,"column":8},"skip":true}]},"21":{"line":288,"type":"binary-expr","locations":[{"start":{"line":288,"column":12},"end":{"line":288,"column":40},"skip":true},{"start":{"line":288,"column":44},"end":{"line":288,"column":67},"skip":true}]},"22":{"line":292,"type":"binary-expr","locations":[{"start":{"line":292,"column":12},"end":{"line":292,"column":50},"skip":true},{"start":{"line":293,"column":12},"end":{"line":293,"column":53},"skip":true}]},"23":{"line":297,"type":"binary-expr","locations":[{"start":{"line":297,"column":12},"end":{"line":297,"column":63},"skip":true},{"start":{"line":298,"column":12},"end":{"line":301,"column":36},"skip":true}]},"24":{"line":303,"type":"binary-expr","locations":[{"start":{"line":303,"column":43},"end":{"line":303,"column":75},"skip":true},{"start":{"line":303,"column":79},"end":{"line":303,"column":81},"skip":true}]},"25":{"line":306,"type":"if","locations":[{"start":{"line":306,"column":8},"end":{"line":306,"column":8},"skip":true},{"start":{"line":306,"column":8},"end":{"line":306,"column":8},"skip":true}]},"26":{"line":310,"type":"if","locations":[{"start":{"line":310,"column":8},"end":{"line":310,"column":8},"skip":true},{"start":{"line":310,"column":8},"end":{"line":310,"column":8},"skip":true}]},"27":{"line":313,"type":"binary-expr","locations":[{"start":{"line":313,"column":27},"end":{"line":313,"column":43},"skip":true},{"start":{"line":313,"column":47},"end":{"line":313,"column":53},"skip":true}]},"28":{"line":317,"type":"if","locations":[{"start":{"line":317,"column":12},"end":{"line":317,"column":12},"skip":true},{"start":{"line":317,"column":12},"end":{"line":317,"column":12},"skip":true}]}},"code":["/*","example.js","","quickstart example","","instruction","    1. save this script as example.js","    2. run the shell command:","        $ npm install npmtest-utile && PORT=8081 node example.js","    3. play with the browser-demo on http://127.0.0.1:8081","*/","","","","/* istanbul instrument in package npmtest_utile */","/*jslint","    bitwise: true,","    browser: true,","    maxerr: 8,","    maxlen: 96,","    node: true,","    nomen: true,","    regexp: true,","    stupid: true","*/","(function () {","    'use strict';","    var local;","","","","    // run shared js-env code - pre-init","    (function () {","        // init local","        local = {};","        // init modeJs","        local.modeJs = (function () {","            try {","                return typeof navigator.userAgent === 'string' &&","                    typeof document.querySelector('body') === 'object' &&","                    typeof XMLHttpRequest.prototype.open === 'function' &&","                    'browser';","            } catch (errorCaughtBrowser) {","                return module.exports &&","                    typeof process.versions.node === 'string' &&","                    typeof require('http').createServer === 'function' &&","                    'node';","            }","        }());","        // init global","        local.global = local.modeJs === 'browser'","            ? window","            : global;","        // init utility2_rollup","        local = local.global.utility2_rollup || (local.modeJs === 'browser'","            ? local.global.utility2_npmtest_utile","            : global.utility2_moduleExports);","        // export local","        local.global.local = local;","    }());","    switch (local.modeJs) {","","","","    // post-init","    // run browser js-env code - post-init","    /* istanbul ignore next */","    case 'browser':","        local.testRunBrowser = function (event) {","            if (!event || (event &&","                    event.currentTarget &&","                    event.currentTarget.className &&","                    event.currentTarget.className.includes &&","                    event.currentTarget.className.includes('onreset'))) {","                // reset output","                Array.from(","                    document.querySelectorAll('body > .resettable')","                ).forEach(function (element) {","                    switch (element.tagName) {","                    case 'INPUT':","                    case 'TEXTAREA':","                        element.value = '';","                        break;","                    default:","                        element.textContent = '';","                    }","                });","            }","            switch (event && event.currentTarget && event.currentTarget.id) {","            case 'testRunButton1':","                // show tests","                if (document.querySelector('#testReportDiv1').style.display === 'none') {","                    document.querySelector('#testReportDiv1').style.display = 'block';","                    document.querySelector('#testRunButton1').textContent =","                        'hide internal test';","                    local.modeTest = true;","                    local.testRunDefault(local);","                // hide tests","                } else {","                    document.querySelector('#testReportDiv1').style.display = 'none';","                    document.querySelector('#testRunButton1').textContent = 'run internal test';","                }","                break;","            // custom-case","            default:","                break;","            }","            if (document.querySelector('#inputTextareaEval1') && (!event || (event &&","                    event.currentTarget &&","                    event.currentTarget.className &&","                    event.currentTarget.className.includes &&","                    event.currentTarget.className.includes('oneval')))) {","                // try to eval input-code","                try {","                    /*jslint evil: true*/","                    eval(document.querySelector('#inputTextareaEval1').value);","                } catch (errorCaught) {","                    console.error(errorCaught);","                }","            }","        };","        // log stderr and stdout to #outputTextareaStdout1","        ['error', 'log'].forEach(function (key) {","            console[key + '_original'] = console[key];","            console[key] = function () {","                var element;","                console[key + '_original'].apply(console, arguments);","                element = document.querySelector('#outputTextareaStdout1');","                if (!element) {","                    return;","                }","                // append text to #outputTextareaStdout1","                element.value += Array.from(arguments).map(function (arg) {","                    return typeof arg === 'string'","                        ? arg","                        : JSON.stringify(arg, null, 4);","                }).join(' ') + '\\n';","                // scroll textarea to bottom","                element.scrollTop = element.scrollHeight;","            };","        });","        // init event-handling","        ['change', 'click', 'keyup'].forEach(function (event) {","            Array.from(document.querySelectorAll('.on' + event)).forEach(function (element) {","                element.addEventListener(event, local.testRunBrowser);","            });","        });","        // run tests","        local.testRunBrowser();","        break;","","","","    // run node js-env code - post-init","    /* istanbul ignore next */","    case 'node':","        // export local","        module.exports = local;","        // require modules","        local.fs = require('fs');","        local.http = require('http');","        local.url = require('url');","        // init assets","        local.assetsDict = local.assetsDict || {};","        /* jslint-ignore-begin */","        local.assetsDict['/assets.index.template.html'] = '\\","<!doctype html>\\n\\","<html lang=\"en\">\\n\\","<head>\\n\\","<meta charset=\"UTF-8\">\\n\\","<meta name=\"viewport\" content=\"width=device-width, initial-scale=1\">\\n\\","<title>{{env.npm_package_name}} (v{{env.npm_package_version}})</title>\\n\\","<style>\\n\\","/*csslint\\n\\","    box-sizing: false,\\n\\","    universal-selector: false\\n\\","*/\\n\\","* {\\n\\","    box-sizing: border-box;\\n\\","}\\n\\","body {\\n\\","    background: #dde;\\n\\","    font-family: Arial, Helvetica, sans-serif;\\n\\","    margin: 2rem;\\n\\","}\\n\\","body > * {\\n\\","    margin-bottom: 1rem;\\n\\","}\\n\\",".utility2FooterDiv {\\n\\","    margin-top: 20px;\\n\\","    text-align: center;\\n\\","}\\n\\","</style>\\n\\","<style>\\n\\","/*csslint\\n\\","*/\\n\\","textarea {\\n\\","    font-family: monospace;\\n\\","    height: 10rem;\\n\\","    width: 100%;\\n\\","}\\n\\","textarea[readonly] {\\n\\","    background: #ddd;\\n\\","}\\n\\","</style>\\n\\","</head>\\n\\","<body>\\n\\","<!-- utility2-comment\\n\\","<div id=\"ajaxProgressDiv1\" style=\"background: #d00; height: 2px; left: 0; margin: 0; padding: 0; position: fixed; top: 0; transition: background 0.5s, width 1.5s; width: 25%;\"></div>\\n\\","utility2-comment -->\\n\\","<h1>\\n\\","<!-- utility2-comment\\n\\","    <a\\n\\","        {{#if env.npm_package_homepage}}\\n\\","        href=\"{{env.npm_package_homepage}}\"\\n\\","        {{/if env.npm_package_homepage}}\\n\\","        target=\"_blank\"\\n\\","    >\\n\\","utility2-comment -->\\n\\","        {{env.npm_package_name}} (v{{env.npm_package_version}})\\n\\","<!-- utility2-comment\\n\\","    </a>\\n\\","utility2-comment -->\\n\\","</h1>\\n\\","<h3>{{env.npm_package_description}}</h3>\\n\\","<!-- utility2-comment\\n\\","<h4><a download href=\"assets.app.js\">download standalone app</a></h4>\\n\\","<button class=\"onclick onreset\" id=\"testRunButton1\">run internal test</button><br>\\n\\","<div id=\"testReportDiv1\" style=\"display: none;\"></div>\\n\\","utility2-comment -->\\n\\","\\n\\","\\n\\","\\n\\","<label>stderr and stdout</label>\\n\\","<textarea class=\"resettable\" id=\"outputTextareaStdout1\" readonly></textarea>\\n\\","<!-- utility2-comment\\n\\","{{#if isRollup}}\\n\\","<script src=\"assets.app.js\"></script>\\n\\","{{#unless isRollup}}\\n\\","utility2-comment -->\\n\\","<script src=\"assets.utility2.rollup.js\"></script>\\n\\","<script src=\"jsonp.utility2._stateInit?callback=window.utility2._stateInit\"></script>\\n\\","<script src=\"assets.npmtest_utile.rollup.js\"></script>\\n\\","<script src=\"assets.example.js\"></script>\\n\\","<script src=\"assets.test.js\"></script>\\n\\","<!-- utility2-comment\\n\\","{{/if isRollup}}\\n\\","utility2-comment -->\\n\\","<div class=\"utility2FooterDiv\">\\n\\","    [ this app was created with\\n\\","    <a href=\"https://github.com/kaizhu256/node-utility2\" target=\"_blank\">utility2</a>\\n\\","    ]\\n\\","</div>\\n\\","</body>\\n\\","</html>\\n\\","';","        /* jslint-ignore-end */","        if (local.templateRender) {","            local.assetsDict['/'] = local.templateRender(","                local.assetsDict['/assets.index.template.html'],","                {","                    env: local.objectSetDefault(local.env, {","                        npm_package_description: 'the greatest app in the world!',","                        npm_package_name: 'my-app',","                        npm_package_nameAlias: 'my_app',","                        npm_package_version: '0.0.1'","                    })","                }","            );","        } else {","            local.assetsDict['/'] = local.assetsDict['/assets.index.template.html']","                .replace((/\\{\\{env\\.(\\w+?)\\}\\}/g), function (match0, match1) {","                    // jslint-hack","                    String(match0);","                    switch (match1) {","                    case 'npm_package_description':","                        return 'the greatest app in the world!';","                    case 'npm_package_name':","                        return 'my-app';","                    case 'npm_package_nameAlias':","                        return 'my_app';","                    case 'npm_package_version':","                        return '0.0.1';","                    }","                });","        }","        // run the cli","        if (local.global.utility2_rollup || module !== require.main) {","            break;","        }","        local.assetsDict['/assets.example.js'] =","            local.assetsDict['/assets.example.js'] ||","            local.fs.readFileSync(__filename, 'utf8');","        // bug-workaround - long $npm_package_buildCustomOrg","        /* jslint-ignore-begin */","        local.assetsDict['/assets.npmtest_utile.rollup.js'] =","            local.assetsDict['/assets.npmtest_utile.rollup.js'] ||","            local.fs.readFileSync(","                local.npmtest_utile.__dirname + '/lib.npmtest_utile.js',","                'utf8'","            ).replace((/^#!/), '//');","        /* jslint-ignore-end */","        local.assetsDict['/favicon.ico'] = local.assetsDict['/favicon.ico'] || '';","        // if $npm_config_timeout_exit exists,","        // then exit this process after $npm_config_timeout_exit ms","        if (Number(process.env.npm_config_timeout_exit)) {","            setTimeout(process.exit, Number(process.env.npm_config_timeout_exit));","        }","        // start server","        if (local.global.utility2_serverHttp1) {","            break;","        }","        process.env.PORT = process.env.PORT || '8081';","        console.error('server starting on port ' + process.env.PORT);","        local.http.createServer(function (request, response) {","            request.urlParsed = local.url.parse(request.url);","            if (local.assetsDict[request.urlParsed.pathname] !== undefined) {","                response.end(local.assetsDict[request.urlParsed.pathname]);","                return;","            }","            response.statusCode = 404;","            response.end();","        }).listen(process.env.PORT);","        break;","    }","}());",""],"l":{"26":2,"28":2,"33":2,"35":2,"37":2,"38":2,"39":2,"44":1,"51":2,"55":2,"59":2,"61":2,"69":1,"70":2,"76":2,"79":2,"82":2,"83":2,"85":1,"89":2,"92":1,"93":1,"94":1,"96":1,"97":1,"100":1,"101":1,"103":1,"106":1,"108":2,"114":1,"116":1,"118":1,"123":1,"124":2,"125":2,"126":3,"127":3,"128":3,"129":3,"130":1,"133":3,"134":3,"139":3,"143":1,"144":3,"145":1,"149":1,"150":1,"158":1,"160":1,"161":1,"162":1,"164":1,"166":1,"258":1,"259":1,"271":1,"274":6,"275":6,"277":1,"279":2,"281":1,"283":2,"288":1,"289":1,"291":1,"296":1,"303":1,"306":1,"307":1,"310":1,"311":1,"313":1,"314":1,"315":1,"316":1,"317":1,"318":1,"319":1,"321":1,"322":1,"324":1}},"/home/travis/build/npmtest/node-npmtest-utile/node_modules/utile/lib/index.js":{"path":"/home/travis/build/npmtest/node-npmtest-utile/node_modules/utile/lib/index.js","s":{"1":1,"2":1,"3":1,"4":28,"5":1,"6":0,"7":1,"8":0,"9":0,"10":0,"11":0,"12":0,"13":0,"14":0,"15":2,"16":1,"17":0,"18":0,"19":0,"20":0,"21":0,"22":0,"23":1,"24":0,"25":0,"26":1,"27":0,"28":0,"29":0,"30":0,"31":0,"32":1,"33":0,"34":0,"35":0,"36":0,"37":0,"38":0,"39":0,"40":0,"41":0,"42":1,"43":0,"44":0,"45":0,"46":0,"47":0,"48":0,"49":0,"50":1,"51":0,"52":0,"53":0,"54":0,"55":0,"56":0,"57":1,"58":0,"59":0,"60":0,"61":0,"62":0,"63":0,"64":0,"65":1,"66":1,"67":0,"68":1,"69":0,"70":0,"71":0,"72":0,"73":0,"74":0,"75":0,"76":0,"77":0,"78":0,"79":1,"80":0,"81":0,"82":0,"83":0,"84":0,"85":0,"86":0,"87":0,"88":0,"89":0,"90":0,"91":1,"92":0,"93":0,"94":0,"95":0,"96":0,"97":0,"98":1,"99":0,"100":0,"101":0,"102":0,"103":0,"104":0,"105":0,"106":1,"107":0,"108":0,"109":0,"110":0,"111":0,"112":0,"113":1,"114":0,"115":0,"116":0,"117":0,"118":0,"119":0,"120":0,"121":0,"122":0,"123":0,"124":0,"125":0,"126":0,"127":1,"128":0,"129":0,"130":0,"131":0,"132":0,"133":0,"134":0,"135":0,"136":0,"137":0,"138":0,"139":0,"140":0},"b":{"1":[0,0],"2":[0,0],"3":[0,0],"4":[0,0],"5":[0,0],"6":[0,0],"7":[0,0],"8":[0,0],"9":[0,0],"10":[0,0],"11":[0,0],"12":[0,0],"13":[0,0],"14":[0,0],"15":[0,0],"16":[0,0],"17":[0,0],"18":[0,0],"19":[0,0],"20":[0,0],"21":[0,0],"22":[0,0],"23":[0,0],"24":[0,0],"25":[0,0],"26":[0,0],"27":[0,0],"28":[0,0]},"f":{"1":28,"2":0,"3":1,"4":0,"5":0,"6":0,"7":0,"8":0,"9":0,"10":0,"11":2,"12":0,"13":0,"14":0,"15":0,"16":0,"17":0,"18":0,"19":0,"20":0,"21":0,"22":0,"23":0,"24":0,"25":0,"26":0,"27":0,"28":0,"29":0,"30":0,"31":0,"32":0,"33":0,"34":0,"35":0,"36":0,"37":0,"38":0},"fnMap":{"1":{"name":"(anonymous_1)","line":19,"loc":{"start":{"line":19,"column":26},"end":{"line":19,"column":41}}},"2":{"name":"(anonymous_2)","line":30,"loc":{"start":{"line":30,"column":9},"end":{"line":30,"column":20}}},"3":{"name":"(anonymous_3)","line":40,"loc":{"start":{"line":40,"column":9},"end":{"line":40,"column":20}}},"4":{"name":"(anonymous_4)","line":50,"loc":{"start":{"line":50,"column":9},"end":{"line":50,"column":20}}},"5":{"name":"(anonymous_5)","line":62,"loc":{"start":{"line":62,"column":9},"end":{"line":62,"column":20}}},"6":{"name":"(anonymous_6)","line":72,"loc":{"start":{"line":72,"column":9},"end":{"line":72,"column":20}}},"7":{"name":"(anonymous_7)","line":82,"loc":{"start":{"line":82,"column":9},"end":{"line":82,"column":20}}},"8":{"name":"(anonymous_8)","line":92,"loc":{"start":{"line":92,"column":9},"end":{"line":92,"column":20}}},"9":{"name":"(anonymous_9)","line":102,"loc":{"start":{"line":102,"column":9},"end":{"line":102,"column":20}}},"10":{"name":"(anonymous_10)","line":112,"loc":{"start":{"line":112,"column":9},"end":{"line":112,"column":20}}},"11":{"name":"(anonymous_11)","line":122,"loc":{"start":{"line":122,"column":9},"end":{"line":122,"column":20}}},"12":{"name":"(anonymous_12)","line":138,"loc":{"start":{"line":138,"column":14},"end":{"line":138,"column":38}}},"13":{"name":"(anonymous_13)","line":163,"loc":{"start":{"line":163,"column":13},"end":{"line":163,"column":38}}},"14":{"name":"(anonymous_14)","line":164,"loc":{"start":{"line":164,"column":27},"end":{"line":164,"column":42}}},"15":{"name":"(anonymous_15)","line":173,"loc":{"start":{"line":173,"column":13},"end":{"line":173,"column":34}}},"16":{"name":"pad","line":191,"loc":{"start":{"line":191,"column":12},"end":{"line":191,"column":40}}},"17":{"name":"(anonymous_17)","line":213,"loc":{"start":{"line":213,"column":13},"end":{"line":213,"column":34}}},"18":{"name":"(anonymous_18)","line":236,"loc":{"start":{"line":236,"column":19},"end":{"line":236,"column":47}}},"19":{"name":"(anonymous_19)","line":254,"loc":{"start":{"line":254,"column":14},"end":{"line":254,"column":32}}},"20":{"name":"(anonymous_20)","line":255,"loc":{"start":{"line":255,"column":36},"end":{"line":255,"column":49}}},"21":{"name":"(anonymous_21)","line":256,"loc":{"start":{"line":256,"column":42},"end":{"line":256,"column":57}}},"22":{"name":"(anonymous_22)","line":288,"loc":{"start":{"line":288,"column":21},"end":{"line":288,"column":36}}},"23":{"name":"(anonymous_23)","line":299,"loc":{"start":{"line":299,"column":21},"end":{"line":299,"column":39}}},"24":{"name":"(anonymous_24)","line":329,"loc":{"start":{"line":329,"column":15},"end":{"line":329,"column":36}}},"25":{"name":"(anonymous_25)","line":333,"loc":{"start":{"line":333,"column":20},"end":{"line":333,"column":40}}},"26":{"name":"(anonymous_26)","line":341,"loc":{"start":{"line":341,"column":20},"end":{"line":341,"column":40}}},"27":{"name":"(anonymous_27)","line":357,"loc":{"start":{"line":357,"column":19},"end":{"line":357,"column":40}}},"28":{"name":"(anonymous_28)","line":361,"loc":{"start":{"line":361,"column":16},"end":{"line":361,"column":32}}},"29":{"name":"(anonymous_29)","line":377,"loc":{"start":{"line":377,"column":23},"end":{"line":377,"column":44}}},"30":{"name":"(anonymous_30)","line":381,"loc":{"start":{"line":381,"column":16},"end":{"line":381,"column":32}}},"31":{"name":"(anonymous_31)","line":386,"loc":{"start":{"line":386,"column":11},"end":{"line":386,"column":22}}},"32":{"name":"(anonymous_32)","line":401,"loc":{"start":{"line":401,"column":14},"end":{"line":401,"column":40}}},"33":{"name":"(anonymous_33)","line":402,"loc":{"start":{"line":402,"column":45},"end":{"line":402,"column":63}}},"34":{"name":"(anonymous_34)","line":405,"loc":{"start":{"line":405,"column":6},"end":{"line":405,"column":24}}},"35":{"name":"(anonymous_35)","line":417,"loc":{"start":{"line":417,"column":26},"end":{"line":417,"column":41}}},"36":{"name":"(anonymous_36)","line":427,"loc":{"start":{"line":427,"column":27},"end":{"line":427,"column":42}}},"37":{"name":"(anonymous_37)","line":446,"loc":{"start":{"line":446,"column":26},"end":{"line":446,"column":41}}},"38":{"name":"(anonymous_38)","line":456,"loc":{"start":{"line":456,"column":27},"end":{"line":456,"column":42}}}},"statementMap":{"1":{"start":{"line":9,"column":0},"end":{"line":11,"column":27}},"2":{"start":{"line":13,"column":0},"end":{"line":13,"column":27}},"3":{"start":{"line":19,"column":0},"end":{"line":21,"column":3}},"4":{"start":{"line":20,"column":2},"end":{"line":20,"column":25}},"5":{"start":{"line":23,"column":0},"end":{"line":127,"column":3}},"6":{"start":{"line":31,"column":6},"end":{"line":31,"column":44}},"7":{"start":{"line":41,"column":6},"end":{"line":41,"column":44}},"8":{"start":{"line":51,"column":6},"end":{"line":51,"column":46}},"9":{"start":{"line":63,"column":6},"end":{"line":63,"column":53}},"10":{"start":{"line":73,"column":6},"end":{"line":73,"column":46}},"11":{"start":{"line":83,"column":6},"end":{"line":83,"column":44}},"12":{"start":{"line":93,"column":6},"end":{"line":93,"column":44}},"13":{"start":{"line":103,"column":6},"end":{"line":103,"column":44}},"14":{"start":{"line":113,"column":6},"end":{"line":113,"column":48}},"15":{"start":{"line":123,"column":6},"end":{"line":123,"column":48}},"16":{"start":{"line":138,"column":0},"end":{"line":155,"column":2}},"17":{"start":{"line":139,"column":2},"end":{"line":141,"column":3}},"18":{"start":{"line":140,"column":4},"end":{"line":140,"column":14}},"19":{"start":{"line":143,"column":2},"end":{"line":145,"column":8}},"20":{"start":{"line":150,"column":2},"end":{"line":152,"column":3}},"21":{"start":{"line":151,"column":4},"end":{"line":151,"column":31}},"22":{"start":{"line":154,"column":2},"end":{"line":154,"column":14}},"23":{"start":{"line":163,"column":0},"end":{"line":167,"column":2}},"24":{"start":{"line":164,"column":2},"end":{"line":166,"column":5}},"25":{"start":{"line":165,"column":4},"end":{"line":165,"column":33}},"26":{"start":{"line":173,"column":0},"end":{"line":182,"column":2}},"27":{"start":{"line":174,"column":2},"end":{"line":174,"column":17}},"28":{"start":{"line":176,"column":2},"end":{"line":181,"column":3}},"29":{"start":{"line":177,"column":4},"end":{"line":177,"column":21}},"30":{"start":{"line":178,"column":4},"end":{"line":180,"column":5}},"31":{"start":{"line":179,"column":6},"end":{"line":179,"column":19}},"32":{"start":{"line":191,"column":0},"end":{"line":204,"column":1}},"33":{"start":{"line":192,"column":2},"end":{"line":192,"column":8}},"34":{"start":{"line":193,"column":2},"end":{"line":195,"column":3}},"35":{"start":{"line":194,"column":4},"end":{"line":194,"column":14}},"36":{"start":{"line":196,"column":2},"end":{"line":196,"column":18}},"37":{"start":{"line":197,"column":2},"end":{"line":197,"column":10}},"38":{"start":{"line":198,"column":2},"end":{"line":202,"column":3}},"39":{"start":{"line":199,"column":4},"end":{"line":201,"column":5}},"40":{"start":{"line":200,"column":6},"end":{"line":200,"column":15}},"41":{"start":{"line":203,"column":2},"end":{"line":203,"column":11}},"42":{"start":{"line":213,"column":0},"end":{"line":226,"column":2}},"43":{"start":{"line":214,"column":2},"end":{"line":214,"column":13}},"44":{"start":{"line":216,"column":2},"end":{"line":223,"column":3}},"45":{"start":{"line":217,"column":4},"end":{"line":219,"column":5}},"46":{"start":{"line":218,"column":6},"end":{"line":218,"column":23}},"47":{"start":{"line":221,"column":4},"end":{"line":221,"column":18}},"48":{"start":{"line":222,"column":4},"end":{"line":222,"column":19}},"49":{"start":{"line":225,"column":2},"end":{"line":225,"column":13}},"50":{"start":{"line":236,"column":0},"end":{"line":247,"column":2}},"51":{"start":{"line":237,"column":2},"end":{"line":237,"column":13}},"52":{"start":{"line":239,"column":2},"end":{"line":246,"column":3}},"53":{"start":{"line":240,"column":4},"end":{"line":240,"column":18}},"54":{"start":{"line":241,"column":4},"end":{"line":243,"column":5}},"55":{"start":{"line":242,"column":6},"end":{"line":242,"column":57}},"56":{"start":{"line":245,"column":4},"end":{"line":245,"column":19}},"57":{"start":{"line":254,"column":0},"end":{"line":273,"column":2}},"58":{"start":{"line":255,"column":2},"end":{"line":270,"column":5}},"59":{"start":{"line":256,"column":4},"end":{"line":269,"column":7}},"60":{"start":{"line":257,"column":6},"end":{"line":258,"column":64}},"61":{"start":{"line":260,"column":6},"end":{"line":268,"column":7}},"62":{"start":{"line":261,"column":8},"end":{"line":261,"column":31}},"63":{"start":{"line":264,"column":8},"end":{"line":267,"column":11}},"64":{"start":{"line":272,"column":2},"end":{"line":272,"column":16}},"65":{"start":{"line":281,"column":0},"end":{"line":281,"column":42}},"66":{"start":{"line":288,"column":0},"end":{"line":290,"column":2}},"67":{"start":{"line":289,"column":2},"end":{"line":289,"column":68}},"68":{"start":{"line":299,"column":0},"end":{"line":320,"column":2}},"69":{"start":{"line":300,"column":2},"end":{"line":300,"column":37}},"70":{"start":{"line":302,"column":2},"end":{"line":302,"column":77}},"71":{"start":{"line":303,"column":2},"end":{"line":303,"column":11}},"72":{"start":{"line":305,"column":2},"end":{"line":305,"column":10}},"73":{"start":{"line":307,"column":2},"end":{"line":307,"column":28}},"74":{"start":{"line":310,"column":2},"end":{"line":317,"column":3}},"75":{"start":{"line":312,"column":4},"end":{"line":312,"column":51}},"76":{"start":{"line":314,"column":4},"end":{"line":316,"column":5}},"77":{"start":{"line":315,"column":6},"end":{"line":315,"column":38}},"78":{"start":{"line":319,"column":2},"end":{"line":319,"column":13}},"79":{"start":{"line":329,"column":0},"end":{"line":348,"column":2}},"80":{"start":{"line":330,"column":2},"end":{"line":330,"column":11}},"81":{"start":{"line":331,"column":2},"end":{"line":346,"column":3}},"82":{"start":{"line":332,"column":4},"end":{"line":332,"column":14}},"83":{"start":{"line":333,"column":4},"end":{"line":337,"column":7}},"84":{"start":{"line":334,"column":6},"end":{"line":336,"column":7}},"85":{"start":{"line":335,"column":8},"end":{"line":335,"column":23}},"86":{"start":{"line":340,"column":4},"end":{"line":340,"column":14}},"87":{"start":{"line":341,"column":4},"end":{"line":345,"column":7}},"88":{"start":{"line":342,"column":6},"end":{"line":344,"column":7}},"89":{"start":{"line":343,"column":8},"end":{"line":343,"column":24}},"90":{"start":{"line":347,"column":2},"end":{"line":347,"column":14}},"91":{"start":{"line":357,"column":0},"end":{"line":368,"column":2}},"92":{"start":{"line":358,"column":2},"end":{"line":359,"column":40}},"93":{"start":{"line":361,"column":2},"end":{"line":366,"column":5}},"94":{"start":{"line":362,"column":4},"end":{"line":364,"column":5}},"95":{"start":{"line":363,"column":6},"end":{"line":363,"column":45}},"96":{"start":{"line":365,"column":4},"end":{"line":365,"column":58}},"97":{"start":{"line":367,"column":2},"end":{"line":367,"column":16}},"98":{"start":{"line":377,"column":0},"end":{"line":393,"column":2}},"99":{"start":{"line":378,"column":2},"end":{"line":379,"column":40}},"100":{"start":{"line":381,"column":2},"end":{"line":390,"column":5}},"101":{"start":{"line":382,"column":4},"end":{"line":384,"column":5}},"102":{"start":{"line":383,"column":6},"end":{"line":383,"column":45}},"103":{"start":{"line":385,"column":4},"end":{"line":389,"column":7}},"104":{"start":{"line":387,"column":8},"end":{"line":387,"column":69}},"105":{"start":{"line":392,"column":2},"end":{"line":392,"column":16}},"106":{"start":{"line":401,"column":0},"end":{"line":409,"column":2}},"107":{"start":{"line":402,"column":2},"end":{"line":408,"column":9}},"108":{"start":{"line":403,"column":4},"end":{"line":403,"column":38}},"109":{"start":{"line":403,"column":19},"end":{"line":403,"column":38}},"110":{"start":{"line":404,"column":4},"end":{"line":404,"column":15}},"111":{"start":{"line":406,"column":4},"end":{"line":406,"column":23}},"112":{"start":{"line":407,"column":4},"end":{"line":407,"column":15}},"113":{"start":{"line":417,"column":0},"end":{"line":438,"column":2}},"114":{"start":{"line":418,"column":2},"end":{"line":420,"column":3}},"115":{"start":{"line":419,"column":4},"end":{"line":419,"column":15}},"116":{"start":{"line":422,"column":2},"end":{"line":425,"column":3}},"117":{"start":{"line":423,"column":4},"end":{"line":423,"column":41}},"118":{"start":{"line":424,"column":4},"end":{"line":424,"column":15}},"119":{"start":{"line":427,"column":2},"end":{"line":435,"column":5}},"120":{"start":{"line":428,"column":4},"end":{"line":428,"column":42}},"121":{"start":{"line":429,"column":4},"end":{"line":433,"column":5}},"122":{"start":{"line":430,"column":6},"end":{"line":430,"column":24}},"123":{"start":{"line":431,"column":6},"end":{"line":431,"column":22}},"124":{"start":{"line":432,"column":6},"end":{"line":432,"column":14}},"125":{"start":{"line":434,"column":4},"end":{"line":434,"column":38}},"126":{"start":{"line":437,"column":2},"end":{"line":437,"column":13}},"127":{"start":{"line":446,"column":0},"end":{"line":467,"column":2}},"128":{"start":{"line":447,"column":2},"end":{"line":449,"column":3}},"129":{"start":{"line":448,"column":4},"end":{"line":448,"column":15}},"130":{"start":{"line":451,"column":2},"end":{"line":454,"column":3}},"131":{"start":{"line":452,"column":4},"end":{"line":452,"column":41}},"132":{"start":{"line":453,"column":4},"end":{"line":453,"column":15}},"133":{"start":{"line":456,"column":2},"end":{"line":464,"column":5}},"134":{"start":{"line":457,"column":4},"end":{"line":457,"column":47}},"135":{"start":{"line":458,"column":4},"end":{"line":462,"column":5}},"136":{"start":{"line":459,"column":6},"end":{"line":459,"column":24}},"137":{"start":{"line":460,"column":6},"end":{"line":460,"column":22}},"138":{"start":{"line":461,"column":6},"end":{"line":461,"column":14}},"139":{"start":{"line":463,"column":4},"end":{"line":463,"column":38}},"140":{"start":{"line":466,"column":2},"end":{"line":466,"column":13}}},"branchMap":{"1":{"line":139,"type":"if","locations":[{"start":{"line":139,"column":2},"end":{"line":139,"column":2}},{"start":{"line":139,"column":2},"end":{"line":139,"column":2}}]},"2":{"line":143,"type":"binary-expr","locations":[{"start":{"line":143,"column":13},"end":{"line":143,"column":18}},{"start":{"line":143,"column":22},"end":{"line":143,"column":24}}]},"3":{"line":178,"type":"if","locations":[{"start":{"line":178,"column":4},"end":{"line":178,"column":4}},{"start":{"line":178,"column":4},"end":{"line":178,"column":4}}]},"4":{"line":193,"type":"if","locations":[{"start":{"line":193,"column":2},"end":{"line":193,"column":2}},{"start":{"line":193,"column":2},"end":{"line":193,"column":2}}]},"5":{"line":196,"type":"binary-expr","locations":[{"start":{"line":196,"column":8},"end":{"line":196,"column":11}},{"start":{"line":196,"column":15},"end":{"line":196,"column":17}}]},"6":{"line":198,"type":"if","locations":[{"start":{"line":198,"column":2},"end":{"line":198,"column":2}},{"start":{"line":198,"column":2},"end":{"line":198,"column":2}}]},"7":{"line":217,"type":"if","locations":[{"start":{"line":217,"column":4},"end":{"line":217,"column":4}},{"start":{"line":217,"column":4},"end":{"line":217,"column":4}}]},"8":{"line":241,"type":"if","locations":[{"start":{"line":241,"column":4},"end":{"line":241,"column":4}},{"start":{"line":241,"column":4},"end":{"line":241,"column":4}}]},"9":{"line":242,"type":"cond-expr","locations":[{"start":{"line":242,"column":45},"end":{"line":242,"column":50}},{"start":{"line":242,"column":53},"end":{"line":242,"column":55}}]},"10":{"line":260,"type":"if","locations":[{"start":{"line":260,"column":6},"end":{"line":260,"column":6}},{"start":{"line":260,"column":6},"end":{"line":260,"column":6}}]},"11":{"line":260,"type":"binary-expr","locations":[{"start":{"line":260,"column":10},"end":{"line":260,"column":17}},{"start":{"line":260,"column":21},"end":{"line":260,"column":28}}]},"12":{"line":307,"type":"binary-expr","locations":[{"start":{"line":307,"column":9},"end":{"line":307,"column":21}},{"start":{"line":307,"column":25},"end":{"line":307,"column":27}}]},"13":{"line":314,"type":"binary-expr","locations":[{"start":{"line":314,"column":17},"end":{"line":314,"column":22}},{"start":{"line":314,"column":26},"end":{"line":314,"column":34}}]},"14":{"line":331,"type":"if","locations":[{"start":{"line":331,"column":2},"end":{"line":331,"column":2}},{"start":{"line":331,"column":2},"end":{"line":331,"column":2}}]},"15":{"line":334,"type":"if","locations":[{"start":{"line":334,"column":6},"end":{"line":334,"column":6}},{"start":{"line":334,"column":6},"end":{"line":334,"column":6}}]},"16":{"line":342,"type":"if","locations":[{"start":{"line":342,"column":6},"end":{"line":342,"column":6}},{"start":{"line":342,"column":6},"end":{"line":342,"column":6}}]},"17":{"line":362,"type":"if","locations":[{"start":{"line":362,"column":4},"end":{"line":362,"column":4}},{"start":{"line":362,"column":4},"end":{"line":362,"column":4}}]},"18":{"line":382,"type":"if","locations":[{"start":{"line":382,"column":4},"end":{"line":382,"column":4}},{"start":{"line":382,"column":4},"end":{"line":382,"column":4}}]},"19":{"line":402,"type":"cond-expr","locations":[{"start":{"line":402,"column":45},"end":{"line":405,"column":3}},{"start":{"line":405,"column":6},"end":{"line":408,"column":3}}]},"20":{"line":403,"type":"if","locations":[{"start":{"line":403,"column":4},"end":{"line":403,"column":4}},{"start":{"line":403,"column":4},"end":{"line":403,"column":4}}]},"21":{"line":418,"type":"if","locations":[{"start":{"line":418,"column":2},"end":{"line":418,"column":2}},{"start":{"line":418,"column":2},"end":{"line":418,"column":2}}]},"22":{"line":418,"type":"binary-expr","locations":[{"start":{"line":418,"column":6},"end":{"line":418,"column":29}},{"start":{"line":418,"column":33},"end":{"line":418,"column":45}}]},"23":{"line":422,"type":"if","locations":[{"start":{"line":422,"column":2},"end":{"line":422,"column":2}},{"start":{"line":422,"column":2},"end":{"line":422,"column":2}}]},"24":{"line":429,"type":"if","locations":[{"start":{"line":429,"column":4},"end":{"line":429,"column":4}},{"start":{"line":429,"column":4},"end":{"line":429,"column":4}}]},"25":{"line":447,"type":"if","locations":[{"start":{"line":447,"column":2},"end":{"line":447,"column":2}},{"start":{"line":447,"column":2},"end":{"line":447,"column":2}}]},"26":{"line":447,"type":"binary-expr","locations":[{"start":{"line":447,"column":6},"end":{"line":447,"column":29}},{"start":{"line":447,"column":33},"end":{"line":447,"column":45}}]},"27":{"line":451,"type":"if","locations":[{"start":{"line":451,"column":2},"end":{"line":451,"column":2}},{"start":{"line":451,"column":2},"end":{"line":451,"column":2}}]},"28":{"line":458,"type":"if","locations":[{"start":{"line":458,"column":4},"end":{"line":458,"column":4}},{"start":{"line":458,"column":4},"end":{"line":458,"column":4}}]}},"code":["/*"," * index.js: Top-level include for the `utile` module."," *"," * (C) 2011, Charlie Robbins & the Contributors"," * MIT LICENSE"," *"," */","","var fs = require('fs'),","    path = require('path'),","    util = require('util');","","var utile = module.exports;","","//","// Extend the `utile` object with all methods from the","// core node `util` methods.","//","Object.keys(util).forEach(function (key) {","  utile[key] = util[key];","});","","Object.defineProperties(utile, {","","  //","  // ### function async","  // Simple wrapper to `require('async')`.","  //","  'async': {","    get: function() {","      return utile.async = require('async');","    }","  },","","  //","  // ### function inflect","  // Simple wrapper to `require('i')`.","  //","  'inflect': {","    get: function() {","      return utile.inflect = require('i')();","    }","  },","","  //","  // ### function mkdirp","  // Simple wrapper to `require('mkdirp')`","  //","  'mkdirp': {","    get: function() {","      return utile.mkdirp = require('mkdirp');","    }","  },","","  //","  // ### function deepEqual","  // Simple wrapper to `require('deep-equal')`","  // Remark: deepEqual is 4x faster then using assert.deepEqual","  //         see: https://gist.github.com/2790507","  //","  'deepEqual': {","    get: function() {","      return utile.deepEqual = require('deep-equal');","    }","  },","","  //","  // ### function rimraf","  // Simple wrapper to `require('rimraf')`","  //","  'rimraf': {","    get: function() {","      return utile.rimraf = require('rimraf');","    }","  },","","  //","  // ### function cpr","  // Simple wrapper to `require('ncp').ncp`","  //","  'cpr': {","    get: function() {","      return utile.cpr = require('ncp').ncp;","    }","  },","","  //","  // ### @file {Object}","  // Lazy-loaded `file` module","  //","  'file': {","    get: function() {","      return utile.file = require('./file');","    }","  },","","  //","  // ### @args {Object}","  // Lazy-loaded `args` module","  //","  'args': {","    get: function() {","      return utile.args = require('./args');","    }","  },","","  //","  // ### @base64 {Object}","  // Lazy-loaded `base64` object","  //","  'base64': {","    get: function() {","      return utile.base64 = require('./base64');","    }","  },","","  //","  // ### @format {Object}","  // Lazy-loaded `format` object","  //","  'format': {","    get: function() {","      return utile.format = require('./format');","    }","  }","","});","","","//","// ### function rargs(_args)","// #### _args {Arguments} Original function arguments","//","// Top-level method will accept a javascript \"arguments\" object","// (the actual keyword \"arguments\" inside any scope) and return","// back an Array.","//","utile.rargs = function (_args, slice) {","  if (!slice) {","    slice = 0;","  }","","  var len = (_args || []).length,","      args = new Array(len - slice),","      i;","","  //","  // Convert the raw `_args` to a proper Array.","  //","  for (i = slice; i < len; i++) {","    args[i - slice] = _args[i];","  }","","  return args;","};","","//","// ### function each (obj, iterator)","// #### @obj {Object} Object to iterate over","// #### @iterator {function} Continuation to use on each key. `function (value, key, object)`","// Iterate over the keys of an object.","//","utile.each = function (obj, iterator) {","  Object.keys(obj).forEach(function (key) {","    iterator(obj[key], key, obj);","  });","};","","//","// ### function find (o)","//","//","utile.find = function (obj, pred) {","  var value, key;","","  for (key in obj) {","    value = obj[key];","    if (pred(value, key)) {","      return value;","    }","  }","};","","//","// ### function pad (str, len, chr)","// ### @str {String} String to pad","// ### @len {Number} Number of chars to pad str with","// ### @chr {String} Optional replacement character, defaults to empty space","// Appends chr to str until it reaches a length of len","//","utile.pad = function pad(str, len, chr) {","  var s;","  if (!chr) {","    chr = ' ';","  }","  str = str || '';","  s = str;","  if (str.length < len) {","    for (var i = 0; i < (len - str.length); i++) {","      s += chr;","    }","  }","  return s;","}","","//","// ### function path (obj, path, value)","// ### @obj {Object} Object to insert value into","// ### @path {Array} List of nested keys to insert value at","// Retreives a value from given Object, `obj`, located at the","// nested keys, `path`.","//","utile.path = function (obj, path) {","  var key, i;","","  for (i in path) {","    if (typeof obj === 'undefined') {","      return undefined;","    }","","    key = path[i];","    obj = obj[key];","  }","","  return obj;","};","","//","// ### function createPath (obj, path, value)","// ### @obj {Object} Object to insert value into","// ### @path {Array} List of nested keys to insert value at","// ### @value {*} Value to insert into the object.","// Inserts the `value` into the given Object, `obj`, creating","// any keys in `path` along the way if necessary.","//","utile.createPath = function (obj, path, value) {","  var key, i;","","  for (i in path) {","    key = path[i];","    if (!obj[key]) {","      obj[key] = ((+i + 1 === path.length) ? value : {});","    }","","    obj = obj[key];","  }","};","","//","// ### function mixin (target [source0, source1, ...])","// Copies enumerable properties from `source0 ... sourceN`","// onto `target` and returns the resulting object.","//","utile.mixin = function (target) {","  utile.rargs(arguments, 1).forEach(function (o) {","    Object.getOwnPropertyNames(o).forEach(function(attr) {","      var getter = Object.getOwnPropertyDescriptor(o, attr).get,","          setter = Object.getOwnPropertyDescriptor(o, attr).set;","","      if (!getter && !setter) {","        target[attr] = o[attr];","      }","      else {","        Object.defineProperty(target, attr, {","          get: getter,","          set: setter","        });","      }","    });","  });","","  return target;","};","","","//","// ### function capitalize (str)","// #### @str {string} String to capitalize","// Capitalizes the specified `str`.","//","utile.capitalize = utile.inflect.camelize;","","//","// ### function escapeRegExp (str)","// #### @str {string} String to be escaped","// Escape string for use in Javascript regex","//","utile.escapeRegExp = function (str) {","  return str.replace(/[\\-\\[\\]\\/\\{\\}\\(\\)\\*\\+\\?\\.\\\\\\^\\$\\|]/g, \"\\\\$&\");","};","","//","// ### function randomString (length)","// #### @length {integer} The number of bits for the random base64 string returned to contain","// randomString returns a pseude-random ASCII string (subset)","// the return value is a string of length ⌈bits/6⌉ of characters","// from the base64 alphabet.","//","utile.randomString = function (length) {","  var chars, rand, i, ret, mod, bits;","","  chars = 'ABCDEFGHIJKLMNOPQRSTUVWXYZabcdefghijklmnopqrstuvwxyz0123456789_-';","  ret = '';","  // standard 4","  mod = 4;","  // default is 16","  bits = length * mod || 64;","","  // in v8, Math.random() yields 32 pseudo-random bits (in spidermonkey it gives 53)","  while (bits > 0) {","    // 32-bit integer","    rand = Math.floor(Math.random() * 0x100000000);","    //we use the top bits","    for (i = 26; i > 0 && bits > 0; i -= mod, bits -= mod) {","      ret += chars[0x3F & rand >>> i];","    }","  }","","  return ret;","};","","//","// ### function filter (object, test)","// #### @obj {Object} Object to iterate over","// #### @pred {function} Predicate applied to each property. `function (value, key, object)`","// Returns an object with properties from `obj` which satisfy","// the predicate `pred`","//","utile.filter = function (obj, pred) {","  var copy;","  if (Array.isArray(obj)) {","    copy = [];","    utile.each(obj, function (val, key) {","      if (pred(val, key, obj)) {","        copy.push(val);","      }","    });","  }","  else {","    copy = {};","    utile.each(obj, function (val, key) {","      if (pred(val, key, obj)) {","        copy[key] = val;","      }","    });","  }","  return copy;","};","","//","// ### function requireDir (directory)","// #### @directory {string} Directory to require","// Requires all files and directories from `directory`, returning an object","// with keys being filenames (without trailing `.js`) and respective values","// being return values of `require(filename)`.","//","utile.requireDir = function (directory) {","  var result = {},","      files = fs.readdirSync(directory);","","  files.forEach(function (file) {","    if (file.substr(-3) === '.js') {","      file = file.substr(0, file.length - 3);","    }","    result[file] = require(path.resolve(directory, file));","  });","  return result;","};","","//","// ### function requireDirLazy (directory)","// #### @directory {string} Directory to require","// Lazily requires all files and directories from `directory`, returning an","// object with keys being filenames (without trailing `.js`) and respective","// values (getters) being return values of `require(filename)`.","//","utile.requireDirLazy = function (directory) {","  var result = {},","      files = fs.readdirSync(directory);","","  files.forEach(function (file) {","    if (file.substr(-3) === '.js') {","      file = file.substr(0, file.length - 3);","    }","    Object.defineProperty(result, file, {","      get: function() {","        return result[file] = require(path.resolve(directory, file));","      }","    });","  });","","  return result;","};","","//","// ### function clone (object, filter)","// #### @object {Object} Object to clone","// #### @filter {Function} Filter to be used","// Shallow clones the specified object.","//","utile.clone = function (object, filter) {","  return Object.keys(object).reduce(filter ? function (obj, k) {","    if (filter(k)) obj[k] = object[k];","    return obj;","  } : function (obj, k) {","    obj[k] = object[k];","    return obj;","  }, {});","};","","//","// ### function camelToUnderscore (obj)","// #### @obj {Object} Object to convert keys on.","// Converts all keys of the type `keyName` to `key_name` on the","// specified `obj`.","//","utile.camelToUnderscore = function (obj) {","  if (typeof obj !== 'object' || obj === null) {","    return obj;","  }","","  if (Array.isArray(obj)) {","    obj.forEach(utile.camelToUnderscore);","    return obj;","  }","","  Object.keys(obj).forEach(function (key) {","    var k = utile.inflect.underscore(key);","    if (k !== key) {","      obj[k] = obj[key];","      delete obj[key];","      key = k;","    }","    utile.camelToUnderscore(obj[key]);","  });","","  return obj;","};","","//","// ### function underscoreToCamel (obj)","// #### @obj {Object} Object to convert keys on.","// Converts all keys of the type `key_name` to `keyName` on the","// specified `obj`.","//","utile.underscoreToCamel = function (obj) {","  if (typeof obj !== 'object' || obj === null) {","    return obj;","  }","","  if (Array.isArray(obj)) {","    obj.forEach(utile.underscoreToCamel);","    return obj;","  }","","  Object.keys(obj).forEach(function (key) {","    var k = utile.inflect.camelize(key, false);","    if (k !== key) {","      obj[k] = obj[key];","      delete obj[key];","      key = k;","    }","    utile.underscoreToCamel(obj[key]);","  });","","  return obj;","};",""],"l":{"9":1,"13":1,"19":1,"20":28,"23":1,"31":0,"41":1,"51":0,"63":0,"73":0,"83":0,"93":0,"103":0,"113":0,"123":2,"138":1,"139":0,"140":0,"143":0,"150":0,"151":0,"154":0,"163":1,"164":0,"165":0,"173":1,"174":0,"176":0,"177":0,"178":0,"179":0,"191":1,"192":0,"193":0,"194":0,"196":0,"197":0,"198":0,"199":0,"200":0,"203":0,"213":1,"214":0,"216":0,"217":0,"218":0,"221":0,"222":0,"225":0,"236":1,"237":0,"239":0,"240":0,"241":0,"242":0,"245":0,"254":1,"255":0,"256":0,"257":0,"260":0,"261":0,"264":0,"272":0,"281":1,"288":1,"289":0,"299":1,"300":0,"302":0,"303":0,"305":0,"307":0,"310":0,"312":0,"314":0,"315":0,"319":0,"329":1,"330":0,"331":0,"332":0,"333":0,"334":0,"335":0,"340":0,"341":0,"342":0,"343":0,"347":0,"357":1,"358":0,"361":0,"362":0,"363":0,"365":0,"367":0,"377":1,"378":0,"381":0,"382":0,"383":0,"385":0,"387":0,"392":0,"401":1,"402":0,"403":0,"404":0,"406":0,"407":0,"417":1,"418":0,"419":0,"422":0,"423":0,"424":0,"427":0,"428":0,"429":0,"430":0,"431":0,"432":0,"434":0,"437":0,"446":1,"447":0,"448":0,"451":0,"452":0,"453":0,"456":0,"457":0,"458":0,"459":0,"460":0,"461":0,"463":0,"466":0}},"/home/travis/build/npmtest/node-npmtest-utile/node_modules/utile/lib/format.js":{"path":"/home/travis/build/npmtest/node-npmtest-utile/node_modules/utile/lib/format.js","s":{"1":1,"2":1,"3":0,"4":0,"5":0,"6":0,"7":0,"8":0,"9":0},"b":{"1":[0,0],"2":[0,0],"3":[0,0]},"f":{"1":0,"2":0},"fnMap":{"1":{"name":"(anonymous_1)","line":11,"loc":{"start":{"line":11,"column":27},"end":{"line":11,"column":41}}},"2":{"name":"(anonymous_2)","line":20,"loc":{"start":{"line":20,"column":18},"end":{"line":20,"column":39}}}},"statementMap":{"1":{"start":{"line":9,"column":0},"end":{"line":9,"column":27}},"2":{"start":{"line":11,"column":0},"end":{"line":25,"column":2}},"3":{"start":{"line":12,"column":2},"end":{"line":12,"column":47}},"4":{"start":{"line":14,"column":2},"end":{"line":15,"column":46}},"5":{"start":{"line":15,"column":4},"end":{"line":15,"column":46}},"6":{"start":{"line":17,"column":2},"end":{"line":18,"column":32}},"7":{"start":{"line":20,"column":2},"end":{"line":22,"column":5}},"8":{"start":{"line":21,"column":4},"end":{"line":21,"column":60}},"9":{"start":{"line":24,"column":2},"end":{"line":24,"column":13}}},"branchMap":{"1":{"line":14,"type":"if","locations":[{"start":{"line":14,"column":2},"end":{"line":14,"column":2}},{"start":{"line":14,"column":2},"end":{"line":14,"column":2}}]},"2":{"line":14,"type":"binary-expr","locations":[{"start":{"line":14,"column":6},"end":{"line":14,"column":67}},{"start":{"line":14,"column":71},"end":{"line":14,"column":91}}]},"3":{"line":14,"type":"binary-expr","locations":[{"start":{"line":14,"column":8},"end":{"line":14,"column":35}},{"start":{"line":14,"column":39},"end":{"line":14,"column":66}}]}},"code":["/*"," * format.js: `util.format` enhancement to allow custom formatting parameters."," *"," * (C) 2011, Charlie Robbins & the Contributors"," * MIT LICENSE"," *"," */","","var util = require('util');","","exports = module.exports = function(str) {","  var formats = [].slice.call(arguments, 1, 3);","","  if (!(formats[0] instanceof Array && formats[1] instanceof Array) || arguments.length > 3)","    return util.format.apply(null, arguments);","","  var replacements = formats.pop(),","      formats = formats.shift();","","  formats.forEach(function(format, id) {","    str = str.replace(new RegExp(format), replacements[id]);","  });","","  return str;","};",""],"l":{"9":1,"11":1,"12":0,"14":0,"15":0,"17":0,"20":0,"21":0,"24":0}},"/home/travis/build/npmtest/node-npmtest-utile/node_modules/utile/lib/args.js":{"path":"/home/travis/build/npmtest/node-npmtest-utile/node_modules/utile/lib/args.js","s":{"1":1,"2":1,"3":0,"4":0,"5":0,"6":0,"7":0,"8":0,"9":0,"10":0,"11":0,"12":0},"b":{"1":[0,0],"2":[0,0],"3":[0,0]},"f":{"1":0},"fnMap":{"1":{"name":"(anonymous_1)","line":19,"loc":{"start":{"line":19,"column":17},"end":{"line":19,"column":34}}}},"statementMap":{"1":{"start":{"line":9,"column":0},"end":{"line":9,"column":31}},"2":{"start":{"line":19,"column":0},"end":{"line":46,"column":2}},"3":{"start":{"line":20,"column":2},"end":{"line":21,"column":10}},"4":{"start":{"line":26,"column":2},"end":{"line":26,"column":59}},"5":{"start":{"line":31,"column":2},"end":{"line":31,"column":51}},"6":{"start":{"line":32,"column":2},"end":{"line":36,"column":3}},"7":{"start":{"line":33,"column":4},"end":{"line":33,"column":60}},"8":{"start":{"line":34,"column":4},"end":{"line":34,"column":54}},"9":{"start":{"line":35,"column":4},"end":{"line":35,"column":15}},"10":{"start":{"line":41,"column":2},"end":{"line":43,"column":3}},"11":{"start":{"line":42,"column":4},"end":{"line":42,"column":74}},"12":{"start":{"line":45,"column":2},"end":{"line":45,"column":14}}},"branchMap":{"1":{"line":31,"type":"binary-expr","locations":[{"start":{"line":31,"column":8},"end":{"line":31,"column":29}},{"start":{"line":31,"column":33},"end":{"line":31,"column":50}}]},"2":{"line":32,"type":"if","locations":[{"start":{"line":32,"column":2},"end":{"line":32,"column":2}},{"start":{"line":32,"column":2},"end":{"line":32,"column":2}}]},"3":{"line":41,"type":"if","locations":[{"start":{"line":41,"column":2},"end":{"line":41,"column":2}},{"start":{"line":41,"column":2},"end":{"line":41,"column":2}}]}},"code":["/*"," * args.js: function argument parsing helper utility"," *"," * (C) 2011, Charlie Robbins & the Contributors"," * MIT LICENSE"," *"," */","","var utile = require('./index');","","//","// ### function args(_args)","// #### _args {Arguments} Original function arguments","//","// Top-level method will accept a javascript \"arguments\" object (the actual keyword","// \"arguments\" inside any scope), and attempt to return back an intelligent object","// representing the functions arguments","//","module.exports = function (_args) {","  var args = utile.rargs(_args),","      _cb;","","  //","  // Find and define the first argument","  //","  Object.defineProperty(args, 'first', { value: args[0] });","","  //","  // Find and define any callback","  //","  _cb = args[args.length - 1] || args[args.length];","  if (typeof _cb === \"function\") {","    Object.defineProperty(args, 'callback', { value: _cb });","    Object.defineProperty(args, 'cb', { value: _cb });","    args.pop();","  }","","  //","  // Find and define the last argument","  //","  if (args.length) {","    Object.defineProperty(args, 'last', { value: args[args.length - 1] });","  }","","  return args;","};",""],"l":{"9":1,"19":1,"20":0,"26":0,"31":0,"32":0,"33":0,"34":0,"35":0,"41":0,"42":0,"45":0}},"/home/travis/build/npmtest/node-npmtest-utile/node_modules/utile/lib/base64.js":{"path":"/home/travis/build/npmtest/node-npmtest-utile/node_modules/utile/lib/base64.js","s":{"1":1,"2":1,"3":0,"4":0,"5":0,"6":0,"7":0,"8":1,"9":0,"10":0,"11":0,"12":0,"13":0},"b":{"1":[0,0],"2":[0,0]},"f":{"1":0,"2":0},"fnMap":{"1":{"name":"(anonymous_1)","line":15,"loc":{"start":{"line":15,"column":16},"end":{"line":15,"column":37}}},"2":{"name":"(anonymous_2)","line":33,"loc":{"start":{"line":33,"column":16},"end":{"line":33,"column":35}}}},"statementMap":{"1":{"start":{"line":8,"column":0},"end":{"line":8,"column":21}},"2":{"start":{"line":15,"column":0},"end":{"line":26,"column":2}},"3":{"start":{"line":16,"column":2},"end":{"line":16,"column":14}},"4":{"start":{"line":18,"column":2},"end":{"line":23,"column":3}},"5":{"start":{"line":19,"column":4},"end":{"line":19,"column":61}},"6":{"start":{"line":22,"column":4},"end":{"line":22,"column":16}},"7":{"start":{"line":25,"column":2},"end":{"line":25,"column":17}},"8":{"start":{"line":33,"column":0},"end":{"line":44,"column":2}},"9":{"start":{"line":34,"column":2},"end":{"line":34,"column":14}},"10":{"start":{"line":36,"column":2},"end":{"line":41,"column":3}},"11":{"start":{"line":37,"column":4},"end":{"line":37,"column":67}},"12":{"start":{"line":40,"column":4},"end":{"line":40,"column":16}},"13":{"start":{"line":43,"column":2},"end":{"line":43,"column":17}}},"branchMap":{"1":{"line":19,"type":"binary-expr","locations":[{"start":{"line":19,"column":25},"end":{"line":19,"column":34}},{"start":{"line":19,"column":38},"end":{"line":19,"column":40}}]},"2":{"line":37,"type":"binary-expr","locations":[{"start":{"line":37,"column":25},"end":{"line":37,"column":32}},{"start":{"line":37,"column":36},"end":{"line":37,"column":38}}]}},"code":["/*"," * base64.js: An extremely simple implementation of base64 encoding / decoding using node.js Buffers"," *"," * (C) 2010, Charlie Robbins & the Contributors."," *"," */","","var base64 = exports;","","//","// ### function encode (unencoded)","// #### @unencoded {string} The string to base64 encode","// Encodes the specified string to base64 using node.js Buffers.","//","base64.encode = function (unencoded) {","  var encoded;","","  try {","    encoded = new Buffer(unencoded || '').toString('base64');","  }","  catch (ex) {","    return null;","  }","","  return encoded;","};","","//","// ### function decode (encoded)","// #### @encoded {string} The string to base64 decode","// Decodes the specified string from base64 using node.js Buffers.","//","base64.decode = function (encoded) {","  var decoded;","","  try {","    decoded = new Buffer(encoded || '', 'base64').toString('utf8');","  }","  catch (ex) {","    return null;","  }","","  return decoded;","};",""],"l":{"8":1,"15":1,"16":0,"18":0,"19":0,"22":0,"25":0,"33":1,"34":0,"36":0,"37":0,"40":0,"43":0}},"/home/travis/build/npmtest/node-npmtest-utile/node_modules/utile/lib/file.js":{"path":"/home/travis/build/npmtest/node-npmtest-utile/node_modules/utile/lib/file.js","s":{"1":1,"2":1,"3":0,"4":0,"5":0,"6":0,"7":0,"8":0,"9":0,"10":0,"11":0,"12":1,"13":0},"b":{"1":[0,0],"2":[0,0]},"f":{"1":0,"2":0,"3":0},"fnMap":{"1":{"name":"(anonymous_1)","line":11,"loc":{"start":{"line":11,"column":38},"end":{"line":11,"column":64}}},"2":{"name":"(anonymous_2)","line":16,"loc":{"start":{"line":16,"column":29},"end":{"line":16,"column":50}}},"3":{"name":"(anonymous_3)","line":31,"loc":{"start":{"line":31,"column":46},"end":{"line":31,"column":62}}}},"statementMap":{"1":{"start":{"line":9,"column":0},"end":{"line":9,"column":23}},"2":{"start":{"line":11,"column":0},"end":{"line":29,"column":2}},"3":{"start":{"line":12,"column":2},"end":{"line":14,"column":3}},"4":{"start":{"line":13,"column":4},"end":{"line":13,"column":60}},"5":{"start":{"line":16,"column":2},"end":{"line":28,"column":5}},"6":{"start":{"line":17,"column":4},"end":{"line":19,"column":5}},"7":{"start":{"line":18,"column":6},"end":{"line":18,"column":27}},"8":{"start":{"line":21,"column":4},"end":{"line":27,"column":5}},"9":{"start":{"line":22,"column":6},"end":{"line":22,"column":34}},"10":{"start":{"line":23,"column":6},"end":{"line":23,"column":27}},"11":{"start":{"line":26,"column":6},"end":{"line":26,"column":27}},"12":{"start":{"line":31,"column":0},"end":{"line":33,"column":2}},"13":{"start":{"line":32,"column":2},"end":{"line":32,"column":52}}},"branchMap":{"1":{"line":12,"type":"if","locations":[{"start":{"line":12,"column":2},"end":{"line":12,"column":2}},{"start":{"line":12,"column":2},"end":{"line":12,"column":2}}]},"2":{"line":17,"type":"if","locations":[{"start":{"line":17,"column":4},"end":{"line":17,"column":4}},{"start":{"line":17,"column":4},"end":{"line":17,"column":4}}]}},"code":["/*"," * file.js: Simple utilities for working with the file system."," *"," * (C) 2011, Charlie Robbins & the Contributors"," * MIT LICENSE"," *"," */","","var fs = require('fs');","","exports.readJson = exports.readJSON = function (file, callback) {","  if (typeof callback !== 'function') {","    throw new Error('utile.file.readJson needs a callback');","  }","","  fs.readFile(file, 'utf-8', function (err, data) {","    if (err) {","      return callback(err);","    }","","    try {","      var json = JSON.parse(data);","      callback(null, json);","    }","    catch (err) {","      return callback(err);","    }","  });","};","","exports.readJsonSync = exports.readJSONSync = function (file) {","  return JSON.parse(fs.readFileSync(file, 'utf-8'));","};",""],"l":{"9":1,"11":1,"12":0,"13":0,"16":0,"17":0,"18":0,"21":0,"22":0,"23":0,"26":0,"31":1,"32":0}}}